Log file open, 11/18/18 16:41:09
LogWindows: Failed to load 'aqProf.dll' (GetLastError=126)
LogWindows: File 'aqProf.dll' does not exist
LogWindows: Failed to load 'VtuneApi.dll' (GetLastError=126)
LogWindows: File 'VtuneApi.dll' does not exist
LogWindows: Failed to load 'VtuneApi32e.dll' (GetLastError=126)
LogWindows: File 'VtuneApi32e.dll' does not exist
LogConsoleResponse: Display: Failed to find resolution value strings in scalability ini. Falling back to default.
LogInit: Display: Running engine for game: MonsterMash
LogPakFile: Registered encryption key '00000000000000000000000000000000': 0 pak files mounted, 0 remain pending
LogPlatformFile: Not using cached read wrapper
LogTaskGraph: Started task graph with 5 named threads and 35 total threads with 3 sets of task threads.
LogStats: Stats thread started at 0.402460
LogD3D11RHI: Loaded GFSDK_Aftermath_Lib.x64.dll
LogICUInternationalization: ICU TimeZone Detection - Raw Offset: -5:00, Platform Override: ''
LogPluginManager: Mounting plugin Paper2D
LogPluginManager: Mounting plugin AISupport
LogPluginManager: Mounting plugin LightPropagationVolume
LogPluginManager: Mounting plugin ActorLayerUtilities
LogPluginManager: Mounting plugin CLionSourceCodeAccess
LogPluginManager: Mounting plugin CodeLiteSourceCodeAccess
LogPluginManager: Mounting plugin GitSourceControl
LogPluginManager: Mounting plugin KDevelopSourceCodeAccess
LogPluginManager: Mounting plugin NullSourceCodeAccess
LogPluginManager: Mounting plugin PerforceSourceControl
LogPluginManager: Mounting plugin SubversionSourceControl
LogPluginManager: Mounting plugin UObjectPlugin
LogPluginManager: Mounting plugin VisualStudioCodeSourceCodeAccess
LogPluginManager: Mounting plugin VisualStudioSourceCodeAccess
LogPluginManager: Mounting plugin XCodeSourceCodeAccess
LogPluginManager: Mounting plugin AssetManagerEditor
LogPluginManager: Mounting plugin CryptoKeys
LogPluginManager: Mounting plugin DataValidation
LogPluginManager: Mounting plugin FacialAnimation
LogPluginManager: Mounting plugin GameplayTagsEditor
LogPluginManager: Mounting plugin MacGraphicsSwitching
LogPluginManager: Mounting plugin MeshEditor
LogPluginManager: Mounting plugin MobileLauncherProfileWizard
LogPluginManager: Mounting plugin PluginBrowser
LogPluginManager: Mounting plugin SpeedTreeImporter
LogPluginManager: Mounting plugin DatasmithContent
LogPluginManager: Mounting plugin VariantManagerContent
LogPluginManager: Mounting plugin AlembicImporter
LogPluginManager: Mounting plugin AppleImageUtils
LogPluginManager: Mounting plugin AppleVision
LogPluginManager: Mounting plugin BackChannel
LogPluginManager: Mounting plugin CharacterAI
LogPluginManager: Mounting plugin GeometryCache
LogPluginManager: Mounting plugin HTML5Networking
LogPluginManager: Mounting plugin ProxyLODPlugin
LogPluginManager: Mounting plugin MagicLeap
LogPluginManager: Mounting plugin MagicLeapMedia
LogPluginManager: Mounting plugin AndroidMedia
LogPluginManager: Mounting plugin AvfMedia
LogPluginManager: Mounting plugin ImgMedia
LogPluginManager: Mounting plugin LinearTimecode
LogPluginManager: Mounting plugin MediaCompositing
LogPluginManager: Mounting plugin MediaPlayerEditor
LogPluginManager: Mounting plugin WebMMedia
LogPluginManager: Mounting plugin WmfMedia
LogPluginManager: Mounting plugin TcpMessaging
LogPluginManager: Mounting plugin UdpMessaging
LogPluginManager: Mounting plugin ActorSequence
LogPluginManager: Mounting plugin LevelSequenceEditor
LogPluginManager: Mounting plugin MatineeToLevelSequence
LogPluginManager: Mounting plugin NetcodeUnitTest
LogPluginManager: Mounting plugin NUTUnrealEngine4
LogPluginManager: Mounting plugin OnlineSubsystemGooglePlay
LogPluginManager: Mounting plugin OnlineSubsystemIOS
LogPluginManager: Mounting plugin OnlineSubsystem
LogPluginManager: Mounting plugin OnlineSubsystemNull
LogPluginManager: Mounting plugin OnlineSubsystemUtils
LogPluginManager: Mounting plugin LauncherChunkInstaller
LogPluginManager: Mounting plugin AndroidDeviceProfileSelector
LogPluginManager: Mounting plugin AndroidMoviePlayer
LogPluginManager: Mounting plugin AndroidPermission
LogPluginManager: Mounting plugin AppleMoviePlayer
LogPluginManager: Mounting plugin ArchVisCharacter
LogPluginManager: Mounting plugin AudioCapture
LogPluginManager: Mounting plugin CableComponent
LogPluginManager: Mounting plugin CustomMeshComponent
LogPluginManager: Mounting plugin EditableMesh
LogPluginManager: Mounting plugin ExampleDeviceProfileSelector
LogPluginManager: Mounting plugin Firebase
LogPluginManager: Mounting plugin GoogleCloudMessaging
LogPluginManager: Mounting plugin IOSDeviceProfileSelector
LogPluginManager: Mounting plugin LinuxDeviceProfileSelector
LogPluginManager: Mounting plugin LocationServicesBPLibrary
LogPluginManager: Mounting plugin MobilePatchingUtils
LogPluginManager: Mounting plugin OculusVR
LogPluginManager: Mounting plugin PhysXVehicles
LogPluginManager: Mounting plugin ProceduralMeshComponent
LogPluginManager: Mounting plugin RuntimePhysXCooking
LogPluginManager: Mounting plugin SteamVR
LogPluginManager: Mounting plugin WebMMoviePlayer
LogPluginManager: Mounting plugin WindowsMoviePlayer
LogStreaming: Display: Took  0.071s to configure plugins.
LogInit: Using libcurl 7.55.1-DEV
LogInit:  - built for x86_64-pc-win32
LogInit:  - supports SSL with OpenSSL/1.0.2h
LogInit:  - supports HTTP deflate (compression) using libz 1.2.8
LogInit:  - other features:
LogInit:      CURL_VERSION_SSL
LogInit:      CURL_VERSION_LIBZ
LogInit:      CURL_VERSION_IPV6
LogInit:      CURL_VERSION_ASYNCHDNS
LogInit:      CURL_VERSION_LARGEFILE
LogInit:      CURL_VERSION_IDN
LogInit:  CurlRequestOptions (configurable via config and command line):
LogInit:  - bVerifyPeer = true  - Libcurl will verify peer certificate
LogInit:  - bUseHttpProxy = false  - Libcurl will NOT use HTTP proxy
LogInit:  - bDontReuseConnections = false  - Libcurl will reuse connections
LogInit:  - MaxHostConnections = 16  - Libcurl will limit the number of connections to a host
LogInit:  - LocalHostAddr = Default
LogInit:  - BufferSize = 65536
LogInit: WinSock: version 1.1 (2.2), MaxSocks=32767, MaxUdp=65467
LogInit: Build: ++UE4+Release-4.21-CL-4541578
LogInit: Engine Version: 4.21.0-4541578+++UE4+Release-4.21
LogInit: Compatible Engine Version: 4.21.0-4541578+++UE4+Release-4.21
LogInit: Net CL: 4541578
LogInit: OS: Windows 10 (), CPU: Intel(R) Core(TM) i7-8700 CPU @ 3.20GHz, GPU: NVIDIA GeForce GTX 1080 Ti
LogInit: Compiled (64-bit): Nov  6 2018 02:04:24
LogInit: Compiled with Visual C++: 19.13.26129.00
LogInit: Build Configuration: Development
LogInit: Branch Name: ++UE4+Release-4.21
LogInit: Command Line:  /Game/ThirdPersonBP/Maps/ThirdPersonExampleMap -game -PIEVIACONSOLE -ResX=1280 -ResY=720 -Multiprocess -messaging -SessionName="Play in Standalone Game" -windowed
LogInit: Base Directory: C:/Program Files/Epic Games/UE_4.21/Engine/Binaries/Win64/
LogInit: Installed Engine Build: 1
LogDevObjectVersion: Number of dev versions registered: 22
LogDevObjectVersion:   Dev-Blueprints (B0D832E4-1F89-4F0D-ACCF-7EB736FD4AA2): 10
LogDevObjectVersion:   Dev-Build (E1C64328-A22C-4D53-A36C-8E866417BD8C): 0
LogDevObjectVersion:   Dev-Core (375EC13C-06E4-48FB-B500-84F0262A717E): 2
LogDevObjectVersion:   Dev-Editor (E4B068ED-F494-42E9-A231-DA0B2E46BB41): 26
LogDevObjectVersion:   Dev-Framework (CFFC743F-43B0-4480-9391-14DF171D2073): 34
LogDevObjectVersion:   Dev-Mobile (B02B49B5-BB20-44E9-A304-32B752E40360): 2
LogDevObjectVersion:   Dev-Networking (A4E4105C-59A1-49B5-A7C5-40C4547EDFEE): 0
LogDevObjectVersion:   Dev-Online (39C831C9-5AE6-47DC-9A44-9C173E1C8E7C): 0
LogDevObjectVersion:   Dev-Physics (78F01B33-EBEA-4F98-B9B4-84EACCB95AA2): 0
LogDevObjectVersion:   Dev-Platform (6631380F-2D4D-43E0-8009-CF276956A95A): 0
LogDevObjectVersion:   Dev-Rendering (12F88B9F-8875-4AFC-A67C-D90C383ABD29): 27
LogDevObjectVersion:   Dev-Sequencer (7B5AE74C-D270-4C10-A958-57980B212A5A): 9
LogDevObjectVersion:   Dev-VR (D7296918-1DD6-4BDD-9DE2-64A83CC13884): 2
LogDevObjectVersion:   Dev-LoadTimes (C2A15278-BFE7-4AFE-6C17-90FF531DF755): 1
LogDevObjectVersion:   Private-Geometry (6EACA3D4-40EC-4CC1-B786-8BED09428FC5): 3
LogDevObjectVersion:   Dev-AnimPhys (29E575DD-E0A3-4627-9D10-D276232CDCEA): 17
LogDevObjectVersion:   Dev-Anim (AF43A65D-7FD3-4947-9873-3E8ED9C1BB05): 2
LogDevObjectVersion:   Dev-ReflectionCapture (6B266CEC-1EC7-4B8F-A30B-E4D90942FC07): 1
LogDevObjectVersion:   Dev-Automation (0DF73D61-A23F-47EA-B727-89E90C41499A): 1
LogDevObjectVersion:   FortniteMain (601D1886-AC64-4F84-AA16-D3DE0DEAC7D6): 17
LogDevObjectVersion:   Dev-Enterprise (9DFFBCD6-494F-0158-E221-12823C92A888): 4
LogDevObjectVersion:   Dev-Niagara (F2AED0AC-9AFE-416F-8664-AA7FFA26D6FC): 1
LogStreaming: Display: Took  0.007s to delete old logs.
LogInit: Presizing for max 8388607 objects, including 0 objects not considered by GC, pre-allocating 0 bytes for permanent pool.
LogInit: Object subsystem initialized
LogConfig: Setting CVar [[con.DebugEarlyDefault:1]]
LogConfig: Setting CVar [[r.setres:1280x720]]
[2018.11.18-21.41.09:341][  0]LogConfig: Setting CVar [[con.DebugEarlyDefault:1]]
[2018.11.18-21.41.09:341][  0]LogConfig: Setting CVar [[r.setres:1280x720]]
[2018.11.18-21.41.09:341][  0]LogConfig: Applying CVar settings from Section [/Script/Engine.RendererSettings] File [C:/Users/john.malvey/Desktop/TEZTS/capstone-2018-19-t15/MonsterMash 4.21/Saved/Config/Windows/Engine.ini]
[2018.11.18-21.41.09:341][  0]LogConfig: Setting CVar [[r.GPUCrashDebugging:0]]
[2018.11.18-21.41.09:341][  0]LogConfig: Applying CVar settings from Section [/Script/Engine.RendererOverrideSettings] File [C:/Users/john.malvey/Desktop/TEZTS/capstone-2018-19-t15/MonsterMash 4.21/Saved/Config/Windows/Engine.ini]
[2018.11.18-21.41.09:341][  0]LogConfig: Applying CVar settings from Section [/Script/Engine.StreamingSettings] File [C:/Users/john.malvey/Desktop/TEZTS/capstone-2018-19-t15/MonsterMash 4.21/Saved/Config/Windows/Engine.ini]
[2018.11.18-21.41.09:341][  0]LogConfig: Setting CVar [[s.MinBulkDataSizeForAsyncLoading:131072]]
[2018.11.18-21.41.09:341][  0]LogConfig: Setting CVar [[s.AsyncLoadingThreadEnabled:0]]
[2018.11.18-21.41.09:341][  0]LogConfig: Setting CVar [[s.EventDrivenLoaderEnabled:1]]
[2018.11.18-21.41.09:341][  0]LogConfig: Setting CVar [[s.WarnIfTimeLimitExceeded:0]]
[2018.11.18-21.41.09:341][  0]LogConfig: Setting CVar [[s.TimeLimitExceededMultiplier:1.5]]
[2018.11.18-21.41.09:341][  0]LogConfig: Setting CVar [[s.TimeLimitExceededMinTime:0.005]]
[2018.11.18-21.41.09:341][  0]LogConfig: Setting CVar [[s.UseBackgroundLevelStreaming:1]]
[2018.11.18-21.41.09:341][  0]LogConfig: Setting CVar [[s.PriorityAsyncLoadingExtraTime:15.0]]
[2018.11.18-21.41.09:341][  0]LogConfig: Setting CVar [[s.LevelStreamingActorsUpdateTimeLimit:5.0]]
[2018.11.18-21.41.09:341][  0]LogConfig: Setting CVar [[s.PriorityLevelStreamingActorsUpdateExtraTime:5.0]]
[2018.11.18-21.41.09:341][  0]LogConfig: Setting CVar [[s.LevelStreamingComponentsRegistrationGranularity:10]]
[2018.11.18-21.41.09:341][  0]LogConfig: Setting CVar [[s.UnregisterComponentsTimeLimit:1.0]]
[2018.11.18-21.41.09:341][  0]LogConfig: Setting CVar [[s.LevelStreamingComponentsUnregistrationGranularity:5]]
[2018.11.18-21.41.09:341][  0]LogConfig: Applying CVar settings from Section [/Script/Engine.GarbageCollectionSettings] File [C:/Users/john.malvey/Desktop/TEZTS/capstone-2018-19-t15/MonsterMash 4.21/Saved/Config/Windows/Engine.ini]
[2018.11.18-21.41.09:341][  0]LogConfig: Setting CVar [[gc.MaxObjectsNotConsideredByGC:1]]
[2018.11.18-21.41.09:341][  0]LogConfig: Setting CVar [[gc.SizeOfPermanentObjectPool:0]]
[2018.11.18-21.41.09:341][  0]LogConfig: Setting CVar [[gc.FlushStreamingOnGC:0]]
[2018.11.18-21.41.09:341][  0]LogConfig: Setting CVar [[gc.NumRetriesBeforeForcingGC:10]]
[2018.11.18-21.41.09:341][  0]LogConfig: Setting CVar [[gc.AllowParallelGC:1]]
[2018.11.18-21.41.09:341][  0]LogConfig: Setting CVar [[gc.TimeBetweenPurgingPendingKillObjects:61.1]]
[2018.11.18-21.41.09:341][  0]LogConfig: Setting CVar [[gc.MaxObjectsInEditor:8388607]]
[2018.11.18-21.41.09:341][  0]LogConfig: Setting CVar [[gc.IncrementalBeginDestroyEnabled:1]]
[2018.11.18-21.41.09:341][  0]LogConfig: Setting CVar [[gc.CreateGCClusters:1]]
[2018.11.18-21.41.09:341][  0]LogConfig: Setting CVar [[gc.MergeGCClusters:0]]
[2018.11.18-21.41.09:341][  0]LogConfig: Setting CVar [[gc.MinGCClusterSize:5]]
[2018.11.18-21.41.09:341][  0]LogConfig: Setting CVar [[gc.ActorClusteringEnabled:0]]
[2018.11.18-21.41.09:341][  0]LogConfig: Setting CVar [[gc.BlueprintClusteringEnabled:0]]
[2018.11.18-21.41.09:342][  0]LogConfig: Setting CVar [[gc.UseDisregardForGCOnDedicatedServers:0]]
[2018.11.18-21.41.09:342][  0]LogConfig: Applying CVar settings from Section [/Script/Engine.NetworkSettings] File [C:/Users/john.malvey/Desktop/TEZTS/capstone-2018-19-t15/MonsterMash 4.21/Saved/Config/Windows/Engine.ini]
[2018.11.18-21.41.09:342][  0]LogConfig: Applying CVar settings from Section [/Script/UnrealEd.CookerSettings] File [C:/Users/john.malvey/Desktop/TEZTS/capstone-2018-19-t15/MonsterMash 4.21/Saved/Config/Windows/Engine.ini]
[2018.11.18-21.41.09:344][  0]LogConfig: Applying CVar settings from Section [ViewDistanceQuality@3] File [C:/Users/john.malvey/Desktop/TEZTS/capstone-2018-19-t15/MonsterMash 4.21/Saved/Config/Windows/Scalability.ini]
[2018.11.18-21.41.09:344][  0]LogConfig: Setting CVar [[r.SkeletalMeshLODBias:0]]
[2018.11.18-21.41.09:344][  0]LogConfig: Setting CVar [[r.ViewDistanceScale:1.0]]
[2018.11.18-21.41.09:344][  0]LogConfig: Applying CVar settings from Section [AntiAliasingQuality@3] File [C:/Users/john.malvey/Desktop/TEZTS/capstone-2018-19-t15/MonsterMash 4.21/Saved/Config/Windows/Scalability.ini]
[2018.11.18-21.41.09:344][  0]LogConfig: Setting CVar [[r.PostProcessAAQuality:4]]
[2018.11.18-21.41.09:344][  0]LogConfig: Applying CVar settings from Section [ShadowQuality@3] File [C:/Users/john.malvey/Desktop/TEZTS/capstone-2018-19-t15/MonsterMash 4.21/Saved/Config/Windows/Scalability.ini]
[2018.11.18-21.41.09:344][  0]LogConfig: Setting CVar [[r.LightFunctionQuality:1]]
[2018.11.18-21.41.09:344][  0]LogConfig: Setting CVar [[r.ShadowQuality:5]]
[2018.11.18-21.41.09:344][  0]LogConfig: Setting CVar [[r.Shadow.CSM.MaxCascades:10]]
[2018.11.18-21.41.09:344][  0]LogConfig: Setting CVar [[r.Shadow.MaxResolution:2048]]
[2018.11.18-21.41.09:344][  0]LogConfig: Setting CVar [[r.Shadow.MaxCSMResolution:2048]]
[2018.11.18-21.41.09:344][  0]LogConfig: Setting CVar [[r.Shadow.RadiusThreshold:0.01]]
[2018.11.18-21.41.09:344][  0]LogConfig: Setting CVar [[r.Shadow.DistanceScale:1.0]]
[2018.11.18-21.41.09:344][  0]LogConfig: Setting CVar [[r.Shadow.CSM.TransitionScale:1.0]]
[2018.11.18-21.41.09:344][  0]LogConfig: Setting CVar [[r.Shadow.PreShadowResolutionFactor:1.0]]
[2018.11.18-21.41.09:344][  0]LogConfig: Setting CVar [[r.DistanceFieldShadowing:1]]
[2018.11.18-21.41.09:344][  0]LogConfig: Setting CVar [[r.DistanceFieldAO:1]]
[2018.11.18-21.41.09:344][  0]LogConfig: Setting CVar [[r.AOQuality:2]]
[2018.11.18-21.41.09:344][  0]LogConfig: Setting CVar [[r.VolumetricFog:1]]
[2018.11.18-21.41.09:344][  0]LogConfig: Setting CVar [[r.VolumetricFog.GridPixelSize:8]]
[2018.11.18-21.41.09:344][  0]LogConfig: Setting CVar [[r.VolumetricFog.GridSizeZ:128]]
[2018.11.18-21.41.09:344][  0]LogConfig: Setting CVar [[r.VolumetricFog.HistoryMissSupersampleCount:4]]
[2018.11.18-21.41.09:344][  0]LogConfig: Setting CVar [[r.LightMaxDrawDistanceScale:1]]
[2018.11.18-21.41.09:344][  0]LogConfig: Setting CVar [[r.CapsuleShadows:1]]
[2018.11.18-21.41.09:344][  0]LogConfig: Applying CVar settings from Section [PostProcessQuality@3] File [C:/Users/john.malvey/Desktop/TEZTS/capstone-2018-19-t15/MonsterMash 4.21/Saved/Config/Windows/Scalability.ini]
[2018.11.18-21.41.09:344][  0]LogConfig: Setting CVar [[r.MotionBlurQuality:4]]
[2018.11.18-21.41.09:344][  0]LogConfig: Setting CVar [[r.AmbientOcclusionMipLevelFactor:0.4]]
[2018.11.18-21.41.09:344][  0]LogConfig: Setting CVar [[r.AmbientOcclusionMaxQuality:100]]
[2018.11.18-21.41.09:344][  0]LogConfig: Setting CVar [[r.AmbientOcclusionLevels:-1]]
[2018.11.18-21.41.09:344][  0]LogConfig: Setting CVar [[r.AmbientOcclusionRadiusScale:1.0]]
[2018.11.18-21.41.09:344][  0]LogConfig: Setting CVar [[r.DepthOfFieldQuality:2]]
[2018.11.18-21.41.09:344][  0]LogConfig: Setting CVar [[r.RenderTargetPoolMin:400]]
[2018.11.18-21.41.09:344][  0]LogConfig: Setting CVar [[r.LensFlareQuality:2]]
[2018.11.18-21.41.09:344][  0]LogConfig: Setting CVar [[r.SceneColorFringeQuality:1]]
[2018.11.18-21.41.09:344][  0]LogConfig: Setting CVar [[r.EyeAdaptationQuality:2]]
[2018.11.18-21.41.09:344][  0]LogConfig: Setting CVar [[r.BloomQuality:5]]
[2018.11.18-21.41.09:344][  0]LogConfig: Setting CVar [[r.FastBlurThreshold:100]]
[2018.11.18-21.41.09:344][  0]LogConfig: Setting CVar [[r.Upscale.Quality:3]]
[2018.11.18-21.41.09:344][  0]LogConfig: Setting CVar [[r.Tonemapper.GrainQuantization:1]]
[2018.11.18-21.41.09:344][  0]LogConfig: Setting CVar [[r.LightShaftQuality:1]]
[2018.11.18-21.41.09:344][  0]LogConfig: Setting CVar [[r.Filter.SizeScale:1]]
[2018.11.18-21.41.09:344][  0]LogConfig: Setting CVar [[r.Tonemapper.Quality:5]]
[2018.11.18-21.41.09:344][  0]LogConfig: Setting CVar [[r.DOF.Gather.AccumulatorQuality:1        ; higher gathering accumulator quality]]
[2018.11.18-21.41.09:344][  0]LogConfig: Setting CVar [[r.DOF.Gather.PostfilterMethod:1          ; Median3x3 postfilering method]]
[2018.11.18-21.41.09:344][  0]LogConfig: Setting CVar [[r.DOF.Gather.EnableBokehSettings:0       ; no bokeh simulation when gathering]]
[2018.11.18-21.41.09:344][  0]LogConfig: Setting CVar [[r.DOF.Gather.RingCount:4                 ; medium number of samples when gathering]]
[2018.11.18-21.41.09:344][  0]LogConfig: Setting CVar [[r.DOF.Scatter.ForegroundCompositing:1    ; additive foreground scattering]]
[2018.11.18-21.41.09:344][  0]LogConfig: Setting CVar [[r.DOF.Scatter.BackgroundCompositing:2    ; additive background scattering]]
[2018.11.18-21.41.09:344][  0]LogConfig: Setting CVar [[r.DOF.Scatter.EnableBokehSettings:1      ; bokeh simulation when scattering]]
[2018.11.18-21.41.09:345][  0]LogConfig: Setting CVar [[r.DOF.Scatter.MaxSpriteRatio:0.1         ; only a maximum of 10% of scattered bokeh]]
[2018.11.18-21.41.09:345][  0]LogConfig: Setting CVar [[r.DOF.Recombine.Quality:1                ; cheap slight out of focus]]
[2018.11.18-21.41.09:345][  0]LogConfig: Setting CVar [[r.DOF.Recombine.EnableBokehSettings:0    ; no bokeh simulation on slight out of focus]]
[2018.11.18-21.41.09:345][  0]LogConfig: Setting CVar [[r.DOF.TemporalAAQuality:1                ; more stable temporal accumulation]]
[2018.11.18-21.41.09:345][  0]LogConfig: Setting CVar [[r.DOF.Kernel.MaxForegroundRadius:0.025]]
[2018.11.18-21.41.09:345][  0]LogConfig: Setting CVar [[r.DOF.Kernel.MaxBackgroundRadius:0.025]]
[2018.11.18-21.41.09:345][  0]LogConfig: Applying CVar settings from Section [TextureQuality@3] File [C:/Users/john.malvey/Desktop/TEZTS/capstone-2018-19-t15/MonsterMash 4.21/Saved/Config/Windows/Scalability.ini]
[2018.11.18-21.41.09:345][  0]LogConfig: Setting CVar [[r.Streaming.MipBias:0]]
[2018.11.18-21.41.09:345][  0]LogConfig: Setting CVar [[r.Streaming.AmortizeCPUToGPUCopy:0]]
[2018.11.18-21.41.09:345][  0]LogConfig: Setting CVar [[r.Streaming.MaxNumTexturesToStreamPerFrame:0]]
[2018.11.18-21.41.09:345][  0]LogConfig: Setting CVar [[r.Streaming.Boost:1]]
[2018.11.18-21.41.09:345][  0]LogConfig: Setting CVar [[r.MaxAnisotropy:8]]
[2018.11.18-21.41.09:345][  0]LogConfig: Setting CVar [[r.Streaming.LimitPoolSizeToVRAM:0]]
[2018.11.18-21.41.09:345][  0]LogConfig: Setting CVar [[r.Streaming.PoolSize:1000]]
[2018.11.18-21.41.09:345][  0]LogConfig: Setting CVar [[r.Streaming.MaxEffectiveScreenSize:0]]
[2018.11.18-21.41.09:345][  0]LogConfig: Applying CVar settings from Section [EffectsQuality@3] File [C:/Users/john.malvey/Desktop/TEZTS/capstone-2018-19-t15/MonsterMash 4.21/Saved/Config/Windows/Scalability.ini]
[2018.11.18-21.41.09:345][  0]LogConfig: Setting CVar [[r.TranslucencyLightingVolumeDim:64]]
[2018.11.18-21.41.09:345][  0]LogConfig: Setting CVar [[r.RefractionQuality:2]]
[2018.11.18-21.41.09:345][  0]LogConfig: Setting CVar [[r.SSR.Quality:3]]
[2018.11.18-21.41.09:345][  0]LogConfig: Setting CVar [[r.SceneColorFormat:4]]
[2018.11.18-21.41.09:345][  0]LogConfig: Setting CVar [[r.DetailMode:2]]
[2018.11.18-21.41.09:345][  0]LogConfig: Setting CVar [[r.TranslucencyVolumeBlur:1]]
[2018.11.18-21.41.09:345][  0]LogConfig: Setting CVar [[r.MaterialQualityLevel:1 ; High quality]]
[2018.11.18-21.41.09:345][  0]LogConfig: Setting CVar [[r.SSS.Scale:1]]
[2018.11.18-21.41.09:345][  0]LogConfig: Setting CVar [[r.SSS.SampleSet:2]]
[2018.11.18-21.41.09:345][  0]LogConfig: Setting CVar [[r.SSS.Quality:1]]
[2018.11.18-21.41.09:345][  0]LogConfig: Setting CVar [[r.SSS.HalfRes:1]]
[2018.11.18-21.41.09:345][  0]LogConfig: Setting CVar [[r.EmitterSpawnRateScale:1.0]]
[2018.11.18-21.41.09:345][  0]LogConfig: Setting CVar [[r.ParticleLightQuality:2]]
[2018.11.18-21.41.09:345][  0]LogConfig: Applying CVar settings from Section [FoliageQuality@3] File [C:/Users/john.malvey/Desktop/TEZTS/capstone-2018-19-t15/MonsterMash 4.21/Saved/Config/Windows/Scalability.ini]
[2018.11.18-21.41.09:345][  0]LogConfig: Setting CVar [[foliage.DensityScale:1.0]]
[2018.11.18-21.41.09:345][  0]LogConfig: Setting CVar [[grass.DensityScale:1.0]]
[2018.11.18-21.41.09:345][  0]LogInit: Selected Device Profile: [Windows]
[2018.11.18-21.41.09:345][  0]LogInit: Applying CVar settings loaded from the selected device profile: [Windows]
[2018.11.18-21.41.09:349][  0]LogHAL: Display: Platform has ~ 32 GB [34275328000 / 34359738368 / 32], which maps to Largest [LargestMinGB=32, LargerMinGB=12, DefaultMinGB=8, SmallerMinGB=6, SmallestMinGB=0)
[2018.11.18-21.41.09:349][  0]LogConfig: Setting CVar [[r.Vulkan.UseRealUBs:1]]
[2018.11.18-21.41.09:349][  0]LogInit: Going up to parent DeviceProfile []
[2018.11.18-21.41.09:349][  0]LogConfig: Applying CVar settings from Section [ViewDistanceQuality@3] File [C:/Users/john.malvey/Desktop/TEZTS/capstone-2018-19-t15/MonsterMash 4.21/Saved/Config/Windows/Scalability.ini]
[2018.11.18-21.41.09:349][  0]LogConfig: Setting CVar [[r.SkeletalMeshLODBias:0]]
[2018.11.18-21.41.09:349][  0]LogConfig: Setting CVar [[r.ViewDistanceScale:1.0]]
[2018.11.18-21.41.09:349][  0]LogConfig: Applying CVar settings from Section [AntiAliasingQuality@3] File [C:/Users/john.malvey/Desktop/TEZTS/capstone-2018-19-t15/MonsterMash 4.21/Saved/Config/Windows/Scalability.ini]
[2018.11.18-21.41.09:349][  0]LogConfig: Setting CVar [[r.PostProcessAAQuality:4]]
[2018.11.18-21.41.09:349][  0]LogConfig: Applying CVar settings from Section [ShadowQuality@3] File [C:/Users/john.malvey/Desktop/TEZTS/capstone-2018-19-t15/MonsterMash 4.21/Saved/Config/Windows/Scalability.ini]
[2018.11.18-21.41.09:349][  0]LogConfig: Setting CVar [[r.LightFunctionQuality:1]]
[2018.11.18-21.41.09:349][  0]LogConfig: Setting CVar [[r.ShadowQuality:5]]
[2018.11.18-21.41.09:349][  0]LogConfig: Setting CVar [[r.Shadow.CSM.MaxCascades:10]]
[2018.11.18-21.41.09:349][  0]LogConfig: Setting CVar [[r.Shadow.MaxResolution:2048]]
[2018.11.18-21.41.09:349][  0]LogConfig: Setting CVar [[r.Shadow.MaxCSMResolution:2048]]
[2018.11.18-21.41.09:349][  0]LogConfig: Setting CVar [[r.Shadow.RadiusThreshold:0.01]]
[2018.11.18-21.41.09:349][  0]LogConfig: Setting CVar [[r.Shadow.DistanceScale:1.0]]
[2018.11.18-21.41.09:349][  0]LogConfig: Setting CVar [[r.Shadow.CSM.TransitionScale:1.0]]
[2018.11.18-21.41.09:349][  0]LogConfig: Setting CVar [[r.Shadow.PreShadowResolutionFactor:1.0]]
[2018.11.18-21.41.09:349][  0]LogConfig: Setting CVar [[r.DistanceFieldShadowing:1]]
[2018.11.18-21.41.09:349][  0]LogConfig: Setting CVar [[r.DistanceFieldAO:1]]
[2018.11.18-21.41.09:349][  0]LogConfig: Setting CVar [[r.AOQuality:2]]
[2018.11.18-21.41.09:349][  0]LogConfig: Setting CVar [[r.VolumetricFog:1]]
[2018.11.18-21.41.09:349][  0]LogConfig: Setting CVar [[r.VolumetricFog.GridPixelSize:8]]
[2018.11.18-21.41.09:349][  0]LogConfig: Setting CVar [[r.VolumetricFog.GridSizeZ:128]]
[2018.11.18-21.41.09:349][  0]LogConfig: Setting CVar [[r.VolumetricFog.HistoryMissSupersampleCount:4]]
[2018.11.18-21.41.09:349][  0]LogConfig: Setting CVar [[r.LightMaxDrawDistanceScale:1]]
[2018.11.18-21.41.09:349][  0]LogConfig: Setting CVar [[r.CapsuleShadows:1]]
[2018.11.18-21.41.09:349][  0]LogConfig: Applying CVar settings from Section [PostProcessQuality@3] File [C:/Users/john.malvey/Desktop/TEZTS/capstone-2018-19-t15/MonsterMash 4.21/Saved/Config/Windows/Scalability.ini]
[2018.11.18-21.41.09:349][  0]LogConfig: Setting CVar [[r.MotionBlurQuality:4]]
[2018.11.18-21.41.09:349][  0]LogConfig: Setting CVar [[r.AmbientOcclusionMipLevelFactor:0.4]]
[2018.11.18-21.41.09:349][  0]LogConfig: Setting CVar [[r.AmbientOcclusionMaxQuality:100]]
[2018.11.18-21.41.09:349][  0]LogConfig: Setting CVar [[r.AmbientOcclusionLevels:-1]]
[2018.11.18-21.41.09:349][  0]LogConfig: Setting CVar [[r.AmbientOcclusionRadiusScale:1.0]]
[2018.11.18-21.41.09:349][  0]LogConfig: Setting CVar [[r.DepthOfFieldQuality:2]]
[2018.11.18-21.41.09:349][  0]LogConfig: Setting CVar [[r.RenderTargetPoolMin:400]]
[2018.11.18-21.41.09:349][  0]LogConfig: Setting CVar [[r.LensFlareQuality:2]]
[2018.11.18-21.41.09:349][  0]LogConfig: Setting CVar [[r.SceneColorFringeQuality:1]]
[2018.11.18-21.41.09:349][  0]LogConfig: Setting CVar [[r.EyeAdaptationQuality:2]]
[2018.11.18-21.41.09:349][  0]LogConfig: Setting CVar [[r.BloomQuality:5]]
[2018.11.18-21.41.09:349][  0]LogConfig: Setting CVar [[r.FastBlurThreshold:100]]
[2018.11.18-21.41.09:349][  0]LogConfig: Setting CVar [[r.Upscale.Quality:3]]
[2018.11.18-21.41.09:349][  0]LogConfig: Setting CVar [[r.Tonemapper.GrainQuantization:1]]
[2018.11.18-21.41.09:349][  0]LogConfig: Setting CVar [[r.LightShaftQuality:1]]
[2018.11.18-21.41.09:349][  0]LogConfig: Setting CVar [[r.Filter.SizeScale:1]]
[2018.11.18-21.41.09:349][  0]LogConfig: Setting CVar [[r.Tonemapper.Quality:5]]
[2018.11.18-21.41.09:349][  0]LogConfig: Setting CVar [[r.DOF.Gather.AccumulatorQuality:1        ; higher gathering accumulator quality]]
[2018.11.18-21.41.09:349][  0]LogConfig: Setting CVar [[r.DOF.Gather.PostfilterMethod:1          ; Median3x3 postfilering method]]
[2018.11.18-21.41.09:349][  0]LogConfig: Setting CVar [[r.DOF.Gather.EnableBokehSettings:0       ; no bokeh simulation when gathering]]
[2018.11.18-21.41.09:349][  0]LogConfig: Setting CVar [[r.DOF.Gather.RingCount:4                 ; medium number of samples when gathering]]
[2018.11.18-21.41.09:349][  0]LogConfig: Setting CVar [[r.DOF.Scatter.ForegroundCompositing:1    ; additive foreground scattering]]
[2018.11.18-21.41.09:349][  0]LogConfig: Setting CVar [[r.DOF.Scatter.BackgroundCompositing:2    ; additive background scattering]]
[2018.11.18-21.41.09:349][  0]LogConfig: Setting CVar [[r.DOF.Scatter.EnableBokehSettings:1      ; bokeh simulation when scattering]]
[2018.11.18-21.41.09:349][  0]LogConfig: Setting CVar [[r.DOF.Scatter.MaxSpriteRatio:0.1         ; only a maximum of 10% of scattered bokeh]]
[2018.11.18-21.41.09:350][  0]LogConfig: Setting CVar [[r.DOF.Recombine.Quality:1                ; cheap slight out of focus]]
[2018.11.18-21.41.09:350][  0]LogConfig: Setting CVar [[r.DOF.Recombine.EnableBokehSettings:0    ; no bokeh simulation on slight out of focus]]
[2018.11.18-21.41.09:350][  0]LogConfig: Setting CVar [[r.DOF.TemporalAAQuality:1                ; more stable temporal accumulation]]
[2018.11.18-21.41.09:350][  0]LogConfig: Setting CVar [[r.DOF.Kernel.MaxForegroundRadius:0.025]]
[2018.11.18-21.41.09:350][  0]LogConfig: Setting CVar [[r.DOF.Kernel.MaxBackgroundRadius:0.025]]
[2018.11.18-21.41.09:350][  0]LogConfig: Applying CVar settings from Section [TextureQuality@3] File [C:/Users/john.malvey/Desktop/TEZTS/capstone-2018-19-t15/MonsterMash 4.21/Saved/Config/Windows/Scalability.ini]
[2018.11.18-21.41.09:350][  0]LogConfig: Setting CVar [[r.Streaming.MipBias:0]]
[2018.11.18-21.41.09:350][  0]LogConfig: Setting CVar [[r.Streaming.AmortizeCPUToGPUCopy:0]]
[2018.11.18-21.41.09:350][  0]LogConfig: Setting CVar [[r.Streaming.MaxNumTexturesToStreamPerFrame:0]]
[2018.11.18-21.41.09:350][  0]LogConfig: Setting CVar [[r.Streaming.Boost:1]]
[2018.11.18-21.41.09:350][  0]LogConfig: Setting CVar [[r.MaxAnisotropy:8]]
[2018.11.18-21.41.09:350][  0]LogConfig: Setting CVar [[r.Streaming.LimitPoolSizeToVRAM:0]]
[2018.11.18-21.41.09:350][  0]LogConfig: Setting CVar [[r.Streaming.PoolSize:1000]]
[2018.11.18-21.41.09:350][  0]LogConfig: Setting CVar [[r.Streaming.MaxEffectiveScreenSize:0]]
[2018.11.18-21.41.09:350][  0]LogConfig: Applying CVar settings from Section [EffectsQuality@3] File [C:/Users/john.malvey/Desktop/TEZTS/capstone-2018-19-t15/MonsterMash 4.21/Saved/Config/Windows/Scalability.ini]
[2018.11.18-21.41.09:350][  0]LogConfig: Setting CVar [[r.TranslucencyLightingVolumeDim:64]]
[2018.11.18-21.41.09:350][  0]LogConfig: Setting CVar [[r.RefractionQuality:2]]
[2018.11.18-21.41.09:350][  0]LogConfig: Setting CVar [[r.SSR.Quality:3]]
[2018.11.18-21.41.09:350][  0]LogConfig: Setting CVar [[r.SceneColorFormat:4]]
[2018.11.18-21.41.09:350][  0]LogConfig: Setting CVar [[r.DetailMode:2]]
[2018.11.18-21.41.09:350][  0]LogConfig: Setting CVar [[r.TranslucencyVolumeBlur:1]]
[2018.11.18-21.41.09:350][  0]LogConfig: Setting CVar [[r.MaterialQualityLevel:1 ; High quality]]
[2018.11.18-21.41.09:350][  0]LogConfig: Setting CVar [[r.SSS.Scale:1]]
[2018.11.18-21.41.09:350][  0]LogConfig: Setting CVar [[r.SSS.SampleSet:2]]
[2018.11.18-21.41.09:350][  0]LogConfig: Setting CVar [[r.SSS.Quality:1]]
[2018.11.18-21.41.09:350][  0]LogConfig: Setting CVar [[r.SSS.HalfRes:1]]
[2018.11.18-21.41.09:350][  0]LogConfig: Setting CVar [[r.EmitterSpawnRateScale:1.0]]
[2018.11.18-21.41.09:350][  0]LogConfig: Setting CVar [[r.ParticleLightQuality:2]]
[2018.11.18-21.41.09:350][  0]LogConfig: Applying CVar settings from Section [FoliageQuality@3] File [C:/Users/john.malvey/Desktop/TEZTS/capstone-2018-19-t15/MonsterMash 4.21/Saved/Config/Windows/Scalability.ini]
[2018.11.18-21.41.09:350][  0]LogConfig: Setting CVar [[foliage.DensityScale:1.0]]
[2018.11.18-21.41.09:350][  0]LogConfig: Setting CVar [[grass.DensityScale:1.0]]
[2018.11.18-21.41.09:350][  0]LogConfig: Applying CVar settings from Section [Startup] File [../../../Engine/Config/ConsoleVariables.ini]
[2018.11.18-21.41.09:350][  0]LogConfig: Setting CVar [[net.UseAdaptiveNetUpdateFrequency:0]]
[2018.11.18-21.41.09:350][  0]LogConfig: Applying CVar settings from Section [ConsoleVariables] File [C:/Users/john.malvey/Desktop/TEZTS/capstone-2018-19-t15/MonsterMash 4.21/Saved/Config/Windows/Engine.ini]
[2018.11.18-21.41.09:350][  0]LogInit: Computer: FOS104-23
[2018.11.18-21.41.09:350][  0]LogInit: User: johnmalvey
[2018.11.18-21.41.09:350][  0]LogInit: CPU Page size=4096, Cores=6
[2018.11.18-21.41.09:350][  0]LogInit: High frequency timer resolution =3.117187 MHz
[2018.11.18-21.41.09:350][  0]LogMemory: Memory total: Physical=31.9GB (32GB approx)
[2018.11.18-21.41.09:350][  0]LogMemory: Platform Memory Stats for Windows
[2018.11.18-21.41.09:350][  0]LogMemory: Process Physical Memory: 106.05 MB used, 106.05 MB peak
[2018.11.18-21.41.09:350][  0]LogMemory: Process Virtual Memory: 104.64 MB used, 104.64 MB peak
[2018.11.18-21.41.09:351][  0]LogMemory: Physical Memory: 13305.20 MB used,  19382.30 MB free, 32687.50 MB total
[2018.11.18-21.41.09:351][  0]LogMemory: Virtual Memory: 582.29 MB used,  134217144.00 MB free, 134217728.00 MB total
[2018.11.18-21.41.09:373][  0]LogInit: Using OS detected language (en-US).
[2018.11.18-21.41.09:373][  0]LogInit: Using OS detected locale (en-US).
[2018.11.18-21.41.09:374][  0]LogTextLocalizationManager: No specific localization for 'en-US' exists, so the 'en' localization will be used.
[2018.11.18-21.41.09:670][  0]LogStreaming: Display: Took  0.297s to InitEngineTextLocalization.
[2018.11.18-21.41.09:690][  0]LogSlate: New Slate User Created.  User Index 0, Is Virtual User: 0
[2018.11.18-21.41.09:690][  0]LogSlate: Slate User Registered.  User Index 0, Is Virtual User: 0
[2018.11.18-21.41.09:693][  0]LogHMD: Failed to initialize OpenVR with code 110
[2018.11.18-21.41.09:693][  0]LogD3D11RHI: D3D11 adapters:
[2018.11.18-21.41.09:736][  0]LogD3D11RHI:    0. 'NVIDIA GeForce GTX 1080 Ti' (Feature Level 11_0)
[2018.11.18-21.41.09:736][  0]LogD3D11RHI:       11133/0/16343 MB DedicatedVideo/DedicatedSystem/SharedSystem, Outputs:1, VendorId:0x10de
[2018.11.18-21.41.09:738][  0]LogD3D11RHI:    1. 'Microsoft Basic Render Driver' (Feature Level 11_0)
[2018.11.18-21.41.09:738][  0]LogD3D11RHI:       0/0/16343 MB DedicatedVideo/DedicatedSystem/SharedSystem, Outputs:0, VendorId:0x1414
[2018.11.18-21.41.09:738][  0]LogD3D11RHI: Chosen D3D11 Adapter: 0
[2018.11.18-21.41.09:744][  0]LogD3D11RHI: Creating new Direct3DDevice
[2018.11.18-21.41.09:744][  0]LogD3D11RHI:     GPU DeviceId: 0x1b06 (for the marketing name, search the web for "GPU Device Id")
[2018.11.18-21.41.09:744][  0]LogWindows: EnumDisplayDevices:
[2018.11.18-21.41.09:744][  0]LogWindows:    0. 'NVIDIA GeForce GTX 1080 Ti' (P:1 D:1)
[2018.11.18-21.41.09:745][  0]LogWindows:    1. 'NVIDIA GeForce GTX 1080 Ti' (P:0 D:0)
[2018.11.18-21.41.09:745][  0]LogWindows:    2. 'NVIDIA GeForce GTX 1080 Ti' (P:0 D:0)
[2018.11.18-21.41.09:745][  0]LogWindows:    3. 'NVIDIA GeForce GTX 1080 Ti' (P:0 D:0)
[2018.11.18-21.41.09:745][  0]LogWindows: DebugString: FoundDriverCount:4 
[2018.11.18-21.41.09:745][  0]LogD3D11RHI:     Adapter Name: NVIDIA GeForce GTX 1080 Ti
[2018.11.18-21.41.09:745][  0]LogD3D11RHI:   Driver Version: 388.13 (internal:23.21.13.8813, unified:388.13)
[2018.11.18-21.41.09:745][  0]LogD3D11RHI:      Driver Date: 10-27-2017
[2018.11.18-21.41.09:745][  0]LogRHI: Texture pool is 7793 MB (70% of 11133 MB)
[2018.11.18-21.41.09:769][  0]LogD3D11RHI: Async texture creation enabled
[2018.11.18-21.41.09:779][  0]LogD3D11RHI: GPU Timing Frequency: 1000.000000 (Debug: 2 1)
[2018.11.18-21.41.10:257][  0]LogTemp: Display: Loaded TP WindowsClientTargetPlatform
[2018.11.18-21.41.10:267][  0]LogTemp: Display: Loaded TP WindowsNoEditorTargetPlatform
[2018.11.18-21.41.10:278][  0]LogTemp: Display: Loaded TP WindowsServerTargetPlatform
[2018.11.18-21.41.10:290][  0]LogTemp: Display: Loaded TP WindowsTargetPlatform
[2018.11.18-21.41.10:290][  0]LogTargetPlatformManager: Display: Building Assets For Windows
[2018.11.18-21.41.10:345][  0]LogShaderCompilers: Guid format shader working directory is -36 characters bigger than the processId version (../../../../../../Users/john.malvey/Desktop/TEZTS/capstone-2018-19-t15/MonsterMash 4.21/Intermediate/Shaders/WorkingDirectory/16108/).
[2018.11.18-21.41.10:345][  0]LogShaderCompilers: Cleaned the shader compiler working directory 'C:/Users/john.malvey/AppData/Local/Temp/UnrealShaderWorkingDir/8A54BBE44E4F023CE83DFDA84BECA8FE/'.
[2018.11.18-21.41.10:358][  0]LogShaderCompilers: Display: Using XGE Shader Compiler (Interception Interface).
[2018.11.18-21.41.10:779][  0]LogDerivedDataCache: Display: Max Cache Size: 512 MB
[2018.11.18-21.41.10:813][  0]LogDerivedDataCache: Loaded boot cache 0.03s 71MB C:/Users/john.malvey/AppData/Local/UnrealEngine/4.21/DerivedDataCache/Boot.ddc.
[2018.11.18-21.41.10:814][  0]LogDerivedDataCache: Display: Loaded Boot cache: C:/Users/john.malvey/AppData/Local/UnrealEngine/4.21/DerivedDataCache/Boot.ddc
[2018.11.18-21.41.10:814][  0]LogDerivedDataCache: FDerivedDataBackendGraph:  Pak pak cache file ../../../../../../Users/john.malvey/Desktop/TEZTS/capstone-2018-19-t15/MonsterMash 4.21/DerivedDataCache/DDC.ddp not found, will not use a pak cache.
[2018.11.18-21.41.10:814][  0]LogDerivedDataCache: Unable to find inner node Pak for hierarchical cache Hierarchy.
[2018.11.18-21.41.10:814][  0]LogDerivedDataCache: FDerivedDataBackendGraph:  CompressedPak pak cache file ../../../../../../Users/john.malvey/Desktop/TEZTS/capstone-2018-19-t15/MonsterMash 4.21/DerivedDataCache/Compressed.ddp not found, will not use a pak cache.
[2018.11.18-21.41.10:814][  0]LogDerivedDataCache: Unable to find inner node CompressedPak for hierarchical cache Hierarchy.
[2018.11.18-21.41.10:825][  0]LogDerivedDataCache: Display: Pak cache opened for reading ../../../Engine/DerivedDataCache/Compressed.ddp.
[2018.11.18-21.41.10:825][  0]LogDerivedDataCache: FDerivedDataBackendGraph:  EnterprisePak pak cache file ../../../Enterprise/DerivedDataCache/Compressed.ddp not found, will not use a pak cache.
[2018.11.18-21.41.10:825][  0]LogDerivedDataCache: Unable to find inner node EnterprisePak for hierarchical cache Hierarchy.
[2018.11.18-21.41.10:837][  0]LogDerivedDataCache: Using Local data cache path C:/Users/john.malvey/AppData/Local/UnrealEngine/Common/DerivedDataCache: Writable
[2018.11.18-21.41.10:837][  0]LogDerivedDataCache: Shared data cache path not found in *engine.ini, will not use an Shared cache.
[2018.11.18-21.41.10:837][  0]LogDerivedDataCache: Unable to find inner node Shared for hierarchical cache Hierarchy.
[2018.11.18-21.41.10:853][  0]LogMaterial: Verifying Global Shaders for PCD3D_SM5
[2018.11.18-21.41.10:854][  0]LogSlate: Using FreeType 2.6.0
[2018.11.18-21.41.10:855][  0]LogSlate: SlateFontServices - WITH_FREETYPE: 1, WITH_HARFBUZZ: 1
[2018.11.18-21.41.10:958][  0]LogInit: Using OS detected language (en-US).
[2018.11.18-21.41.10:958][  0]LogInit: Using OS detected locale (en-US).
[2018.11.18-21.41.10:958][  0]LogTextLocalizationManager: No localization for 'en-US' exists, so 'en' will be used for the language.
[2018.11.18-21.41.10:958][  0]LogTextLocalizationManager: No localization for 'en-US' exists, so 'en' will be used for the locale.
[2018.11.18-21.41.10:958][  0]LogSlate: FontCache flush requested. Reason: Culture for localization was changed
[2018.11.18-21.41.10:958][  0]LogSlate: FontCache flush requested. Reason: Culture for localization was changed
[2018.11.18-21.41.11:188][  0]LogStreaming: Display: Took  0.230s to InitGameTextLocalization.
[2018.11.18-21.41.11:194][  0]LogAssetRegistry: FAssetRegistry took 0.0033 seconds to start up
[2018.11.18-21.41.11:338][  0]LogPackageLocalizationCache: Processed 11 localized package path(s) for 1 prioritized culture(s) in 0.009015 seconds
[2018.11.18-21.41.11:445][  0]LogInit: Selected Device Profile: [Windows]
[2018.11.18-21.41.11:561][  0]LogSimplygon: Simplygon DLL not present - disabling.
[2018.11.18-21.41.11:565][  0]LogMeshReduction: Using SimplygonSwarm for distributed automatic mesh merging
[2018.11.18-21.41.11:565][  0]LogMeshReduction: Using ProxyLODMeshReduction for automatic mesh merging
[2018.11.18-21.41.11:565][  0]LogMeshReduction: Using QuadricMeshReduction for automatic static mesh reduction
[2018.11.18-21.41.11:565][  0]LogMeshReduction: No automatic skeletal mesh reduction module available
[2018.11.18-21.41.11:576][  0]LogNetVersion: MonsterMash 1.0.0, NetCL: 4541578, EngineNetVer: 5, GameNetVer: 0 (Checksum: 3967311049)
[2018.11.18-21.41.12:080][  0]LogMoviePlayer: Initializing movie player
[2018.11.18-21.41.12:215][  0]LogTcpMessaging: Initializing TcpMessaging bridge
[2018.11.18-21.41.12:227][  0]LogUdpMessaging: Initializing bridge on interface 0.0.0.0:0 to multicast group 230.0.0.1:6666.
[2018.11.18-21.41.12:308][  0]SourceControl: Source control is disabled
[2018.11.18-21.41.12:308][  0]SourceControl: Source control is disabled
[2018.11.18-21.41.12:310][  0]SourceControl: Source control is disabled
[2018.11.18-21.41.12:447][  0]LogAndroidPermission: UAndroidPermissionCallbackProxy::GetInstance
[2018.11.18-21.41.12:498][  0]LogOcInput: OculusInput pre-init called
[2018.11.18-21.41.12:506][  0]LogUObjectArray: 43226 objects as part of root set at end of initial load.
[2018.11.18-21.41.12:506][  0]LogUObjectAllocator: 7590216 out of 0 bytes used by permanent object pool.
[2018.11.18-21.41.12:506][  0]LogUObjectArray: CloseDisregardForGC: 0/0 objects in disregard for GC pool
[2018.11.18-21.41.12:624][  0]LogEngine: Initializing Engine...
[2018.11.18-21.41.12:625][  0]LogHMD: Failed to initialize OpenVR with code 110
[2018.11.18-21.41.12:637][  0]LogStats: UGameplayTagsManager::ConstructGameplayTagTree: ImportINI prefixes -  0.000 s
[2018.11.18-21.41.12:637][  0]LogStats: UGameplayTagsManager::ConstructGameplayTagTree: Construct from data asset -  0.000 s
[2018.11.18-21.41.12:637][  0]LogStats: UGameplayTagsManager::ConstructGameplayTagTree: ImportINI -  0.000 s
[2018.11.18-21.41.12:637][  0]LogStats: UGameplayTagsManager::ConstructGameplayTagTree: GameplayTagTreeChangedEvent.Broadcast -  0.000 s
[2018.11.18-21.41.12:771][  0]LogInit: Initializing FReadOnlyCVARCache
[2018.11.18-21.41.12:780][  0]LogInit: XAudio2 using 'Speakers (Realtek High Definition Audio)' : 2 channels at 48 kHz using 32 bits per sample (channel mask 0x3)
[2018.11.18-21.41.12:792][  0]LogInit: FAudioDevice initialized.
[2018.11.18-21.41.12:803][  0]LogNetVersion: Set ProjectVersion to 1.0.0.0. Version Checksum will be recalculated on next use.
[2018.11.18-21.41.12:805][  0]LogInit: Texture streaming: Enabled
[2018.11.18-21.41.12:916][  0]LogSlate: Updating window title bar state: overlay mode, drag disabled, window buttons hidden, title bar hidden
[2018.11.18-21.41.12:916][  0]LogInit: Display: Game Engine Initialized.
[2018.11.18-21.41.12:916][  0]LogGameplayTags: Display: UGameplayTagsManager::DoneAddingNativeTags. DelegateIsBound: 0
[2018.11.18-21.41.12:916][  0]LogStats: UGameplayTagsManager::ConstructGameplayTagTree: ImportINI prefixes -  0.000 s
[2018.11.18-21.41.12:916][  0]LogStats: UGameplayTagsManager::ConstructGameplayTagTree: Construct from data asset -  0.000 s
[2018.11.18-21.41.12:916][  0]LogStats: UGameplayTagsManager::ConstructGameplayTagTree: ImportINI -  0.000 s
[2018.11.18-21.41.12:916][  0]LogStats: UGameplayTagsManager::ConstructGameplayTagTree: GameplayTagTreeChangedEvent.Broadcast -  0.000 s
[2018.11.18-21.41.12:933][  0]LogInit: Display: Starting Game.
[2018.11.18-21.41.12:933][  0]LogNet: Browse: /Game/ThirdPersonBP/Maps/ThirdPersonExampleMap?Name=Player
[2018.11.18-21.41.12:933][  0]LogLoad: LoadMap: /Game/ThirdPersonBP/Maps/ThirdPersonExampleMap?Name=Player
[2018.11.18-21.41.14:962][  0]LogAIModule: Creating AISystem for world ThirdPersonExampleMap
[2018.11.18-21.41.14:962][  0]LogLoad: Game class is 'LocalMultiplayer_C'
[2018.11.18-21.41.15:971][  0]LogWorld: Bringing World /Game/ThirdPersonBP/Maps/ThirdPersonExampleMap.ThirdPersonExampleMap up for play (max tick rate 0) at 2018.11.18-16.41.15
[2018.11.18-21.41.16:076][  0]LogWorld: Bringing up level for play took: 1.112684
[2018.11.18-21.41.16:326][  0]LogLoad: Took 3.393358 seconds to LoadMap(/Game/ThirdPersonBP/Maps/ThirdPersonExampleMap)
[2018.11.18-21.41.16:387][  0]LogRenderer: Reallocating scene render targets to support 1280x720 Format 10 NumSamples 1 (Frame:1).
[2018.11.18-21.41.16:387][  0]LogLoad: (Engine Initialization) Total time: 8.70 seconds
[2018.11.18-21.41.16:387][  0]LogLoad: (Engine Initialization) Total Blueprint compile time: 0.00 seconds
[2018.11.18-21.41.16:436][  0]LogWindowsTextInputMethodSystem: Display: IME system now deactivated.
[2018.11.18-21.41.16:437][  0]LogSlate: New Slate User Created.  User Index 1, Is Virtual User: 0
[2018.11.18-21.41.16:437][  0]LogSlate: Slate User Registered.  User Index 1, Is Virtual User: 0
[2018.11.18-21.41.16:440][  0]LogContentStreaming: Texture pool size now 1000 MB
[2018.11.18-21.41.23:172][186]LogSlate: Took 0.000252 seconds to synchronously load lazily loaded font '../../../Engine/Content/Slate/Fonts/Roboto-Regular.ttf' (155K)
[2018.11.18-21.43.32:717][865]PIE: Warning: monsterBlueprint26.CollisionCylinder has to have 'Simulate Physics' enabled if you'd like to AddImpulse. 
[2018.11.18-21.43.35:767][952]PIE: Warning: monsterBlueprint26.CollisionCylinder has to have 'Simulate Physics' enabled if you'd like to AddImpulse. 
[2018.11.18-21.43.37:257][995]PIE: Warning: monsterBlueprint26.CollisionCylinder has to have 'Simulate Physics' enabled if you'd like to AddImpulse. 
[2018.11.18-21.43.54:717][518]PIE: Warning: monsterBlueprint26.CollisionCylinder has to have 'CollisionEnabled' set to 'Query and Physics' or 'Physics only' if you'd like to AddForce. 
[2018.11.18-21.43.55:284][535]PIE: Warning: monsterBlueprint25.CollisionCylinder has to have 'Simulate Physics' enabled if you'd like to AddImpulse. 
[2018.11.18-21.43.56:979][587]PIE: Warning: monsterBlueprint25.CollisionCylinder has to have 'Simulate Physics' enabled if you'd like to AddImpulse. 
[2018.11.18-21.44.17:719][240]PIE: Warning: monsterBlueprint32.CollisionCylinder has to have 'Simulate Physics' enabled if you'd like to AddImpulse. 
[2018.11.18-21.44.22:115][382]PIE: Warning: Invalid Simulate Options: Body (spit_Blueprint_C_10.StaticMeshComponent0 spit) is set to simulate physics but Collision Enabled is incompatible
[2018.11.18-21.44.22:115][382]PIE: Warning: Invalid Simulate Options: Body (spit_Blueprint_C_10.StaticMeshComponent0 spit) is set to simulate physics but Collision Enabled is incompatible
[2018.11.18-21.44.22:427][392]PIE: Warning: Invalid Simulate Options: Body (spit_Blueprint_C_11.StaticMeshComponent0 spit) is set to simulate physics but Collision Enabled is incompatible
[2018.11.18-21.44.22:427][392]PIE: Warning: Invalid Simulate Options: Body (spit_Blueprint_C_11.StaticMeshComponent0 spit) is set to simulate physics but Collision Enabled is incompatible
[2018.11.18-21.44.22:430][392]PIE: Warning: Invalid Simulate Options: Body (spit_Blueprint_C_9.StaticMeshComponent0 spit) is set to simulate physics but Collision Enabled is incompatible
[2018.11.18-21.44.22:430][392]PIE: Warning: Invalid Simulate Options: Body (spit_Blueprint_C_9.StaticMeshComponent0 spit) is set to simulate physics but Collision Enabled is incompatible
[2018.11.18-21.44.23:163][416]PIE: Warning: Invalid Simulate Options: Body (spit_Blueprint_C_13.StaticMeshComponent0 spit) is set to simulate physics but Collision Enabled is incompatible
[2018.11.18-21.44.23:163][416]PIE: Warning: Invalid Simulate Options: Body (spit_Blueprint_C_13.StaticMeshComponent0 spit) is set to simulate physics but Collision Enabled is incompatible
[2018.11.18-21.44.23:532][428]PIE: Warning: Invalid Simulate Options: Body (spit_Blueprint_C_12.StaticMeshComponent0 spit) is set to simulate physics but Collision Enabled is incompatible
[2018.11.18-21.44.23:532][428]PIE: Warning: Invalid Simulate Options: Body (spit_Blueprint_C_12.StaticMeshComponent0 spit) is set to simulate physics but Collision Enabled is incompatible
[2018.11.18-21.44.23:772][436]PIE: Warning: Invalid Simulate Options: Body (spit_Blueprint_C_14.StaticMeshComponent0 spit) is set to simulate physics but Collision Enabled is incompatible
[2018.11.18-21.44.23:772][436]PIE: Warning: Invalid Simulate Options: Body (spit_Blueprint_C_14.StaticMeshComponent0 spit) is set to simulate physics but Collision Enabled is incompatible
[2018.11.18-21.44.24:349][455]PIE: Warning: Invalid Simulate Options: Body (spit_Blueprint_C_16.StaticMeshComponent0 spit) is set to simulate physics but Collision Enabled is incompatible
[2018.11.18-21.44.24:349][455]PIE: Warning: Invalid Simulate Options: Body (spit_Blueprint_C_16.StaticMeshComponent0 spit) is set to simulate physics but Collision Enabled is incompatible
[2018.11.18-21.44.24:778][469]PIE: Warning: Invalid Simulate Options: Body (spit_Blueprint_C_15.StaticMeshComponent0 spit) is set to simulate physics but Collision Enabled is incompatible
[2018.11.18-21.44.24:778][469]PIE: Warning: Invalid Simulate Options: Body (spit_Blueprint_C_15.StaticMeshComponent0 spit) is set to simulate physics but Collision Enabled is incompatible
[2018.11.18-21.44.24:991][476]PIE: Warning: Invalid Simulate Options: Body (spit_Blueprint_C_17.StaticMeshComponent0 spit) is set to simulate physics but Collision Enabled is incompatible
[2018.11.18-21.44.24:991][476]PIE: Warning: Invalid Simulate Options: Body (spit_Blueprint_C_17.StaticMeshComponent0 spit) is set to simulate physics but Collision Enabled is incompatible
[2018.11.18-21.44.25:264][485]PIE: Warning: Invalid Simulate Options: Body (spit_Blueprint_C_19.StaticMeshComponent0 spit) is set to simulate physics but Collision Enabled is incompatible
[2018.11.18-21.44.25:264][485]PIE: Warning: Invalid Simulate Options: Body (spit_Blueprint_C_19.StaticMeshComponent0 spit) is set to simulate physics but Collision Enabled is incompatible
[2018.11.18-21.44.26:110][513]PIE: Warning: Invalid Simulate Options: Body (spit_Blueprint_C_22.StaticMeshComponent0 spit) is set to simulate physics but Collision Enabled is incompatible
[2018.11.18-21.44.26:110][513]PIE: Warning: Invalid Simulate Options: Body (spit_Blueprint_C_22.StaticMeshComponent0 spit) is set to simulate physics but Collision Enabled is incompatible
[2018.11.18-21.44.26:503][526]PIE: Warning: Invalid Simulate Options: Body (spit_Blueprint_C_21.StaticMeshComponent0 spit) is set to simulate physics but Collision Enabled is incompatible
[2018.11.18-21.44.26:503][526]PIE: Warning: Invalid Simulate Options: Body (spit_Blueprint_C_21.StaticMeshComponent0 spit) is set to simulate physics but Collision Enabled is incompatible
[2018.11.18-21.44.26:679][532]PIE: Warning: Invalid Simulate Options: Body (spit_Blueprint_C_23.StaticMeshComponent0 spit) is set to simulate physics but Collision Enabled is incompatible
[2018.11.18-21.44.26:679][532]PIE: Warning: Invalid Simulate Options: Body (spit_Blueprint_C_23.StaticMeshComponent0 spit) is set to simulate physics but Collision Enabled is incompatible
[2018.11.18-21.44.26:798][536]PIE: Warning: Invalid Simulate Options: Body (spit_Blueprint_C_20.StaticMeshComponent0 spit) is set to simulate physics but Collision Enabled is incompatible
[2018.11.18-21.44.26:798][536]PIE: Warning: Invalid Simulate Options: Body (spit_Blueprint_C_20.StaticMeshComponent0 spit) is set to simulate physics but Collision Enabled is incompatible
[2018.11.18-21.44.26:951][541]PIE: Warning: Invalid Simulate Options: Body (spit_Blueprint_C_25.StaticMeshComponent0 spit) is set to simulate physics but Collision Enabled is incompatible
[2018.11.18-21.44.26:951][541]PIE: Warning: Invalid Simulate Options: Body (spit_Blueprint_C_25.StaticMeshComponent0 spit) is set to simulate physics but Collision Enabled is incompatible
[2018.11.18-21.44.27:337][554]PIE: Warning: Invalid Simulate Options: Body (spit_Blueprint_C_24.StaticMeshComponent0 spit) is set to simulate physics but Collision Enabled is incompatible
[2018.11.18-21.44.27:338][554]PIE: Warning: Invalid Simulate Options: Body (spit_Blueprint_C_24.StaticMeshComponent0 spit) is set to simulate physics but Collision Enabled is incompatible
[2018.11.18-21.44.27:513][560]PIE: Warning: Invalid Simulate Options: Body (spit_Blueprint_C_26.StaticMeshComponent0 spit) is set to simulate physics but Collision Enabled is incompatible
[2018.11.18-21.44.27:513][560]PIE: Warning: Invalid Simulate Options: Body (spit_Blueprint_C_26.StaticMeshComponent0 spit) is set to simulate physics but Collision Enabled is incompatible
[2018.11.18-21.44.27:782][569]PIE: Warning: Invalid Simulate Options: Body (spit_Blueprint_C_28.StaticMeshComponent0 spit) is set to simulate physics but Collision Enabled is incompatible
[2018.11.18-21.44.27:782][569]PIE: Warning: Invalid Simulate Options: Body (spit_Blueprint_C_28.StaticMeshComponent0 spit) is set to simulate physics but Collision Enabled is incompatible
[2018.11.18-21.44.28:167][582]PIE: Warning: Invalid Simulate Options: Body (spit_Blueprint_C_27.StaticMeshComponent0 spit) is set to simulate physics but Collision Enabled is incompatible
[2018.11.18-21.44.28:167][582]PIE: Warning: Invalid Simulate Options: Body (spit_Blueprint_C_27.StaticMeshComponent0 spit) is set to simulate physics but Collision Enabled is incompatible
[2018.11.18-21.44.28:318][587]PIE: Warning: Invalid Simulate Options: Body (spit_Blueprint_C_29.StaticMeshComponent0 spit) is set to simulate physics but Collision Enabled is incompatible
[2018.11.18-21.44.28:318][587]PIE: Warning: Invalid Simulate Options: Body (spit_Blueprint_C_29.StaticMeshComponent0 spit) is set to simulate physics but Collision Enabled is incompatible
[2018.11.18-21.44.28:616][597]PIE: Warning: Invalid Simulate Options: Body (spit_Blueprint_C_31.StaticMeshComponent0 spit) is set to simulate physics but Collision Enabled is incompatible
[2018.11.18-21.44.28:616][597]PIE: Warning: Invalid Simulate Options: Body (spit_Blueprint_C_31.StaticMeshComponent0 spit) is set to simulate physics but Collision Enabled is incompatible
[2018.11.18-21.44.28:995][610]PIE: Warning: Invalid Simulate Options: Body (spit_Blueprint_C_30.StaticMeshComponent0 spit) is set to simulate physics but Collision Enabled is incompatible
[2018.11.18-21.44.28:995][610]PIE: Warning: Invalid Simulate Options: Body (spit_Blueprint_C_30.StaticMeshComponent0 spit) is set to simulate physics but Collision Enabled is incompatible
[2018.11.18-21.44.29:177][616]PIE: Warning: Invalid Simulate Options: Body (spit_Blueprint_C_32.StaticMeshComponent0 spit) is set to simulate physics but Collision Enabled is incompatible
[2018.11.18-21.44.29:177][616]PIE: Warning: Invalid Simulate Options: Body (spit_Blueprint_C_32.StaticMeshComponent0 spit) is set to simulate physics but Collision Enabled is incompatible
[2018.11.18-21.44.29:467][626]PIE: Warning: Invalid Simulate Options: Body (spit_Blueprint_C_34.StaticMeshComponent0 spit) is set to simulate physics but Collision Enabled is incompatible
[2018.11.18-21.44.29:467][626]PIE: Warning: Invalid Simulate Options: Body (spit_Blueprint_C_34.StaticMeshComponent0 spit) is set to simulate physics but Collision Enabled is incompatible
[2018.11.18-21.44.29:849][639]PIE: Warning: Invalid Simulate Options: Body (spit_Blueprint_C_33.StaticMeshComponent0 spit) is set to simulate physics but Collision Enabled is incompatible
[2018.11.18-21.44.29:849][639]PIE: Warning: Invalid Simulate Options: Body (spit_Blueprint_C_33.StaticMeshComponent0 spit) is set to simulate physics but Collision Enabled is incompatible
[2018.11.18-21.44.30:023][645]PIE: Warning: Invalid Simulate Options: Body (spit_Blueprint_C_35.StaticMeshComponent0 spit) is set to simulate physics but Collision Enabled is incompatible
[2018.11.18-21.44.30:023][645]PIE: Warning: Invalid Simulate Options: Body (spit_Blueprint_C_35.StaticMeshComponent0 spit) is set to simulate physics but Collision Enabled is incompatible
[2018.11.18-21.44.30:291][654]PIE: Warning: Invalid Simulate Options: Body (spit_Blueprint_C_37.StaticMeshComponent0 spit) is set to simulate physics but Collision Enabled is incompatible
[2018.11.18-21.44.30:291][654]PIE: Warning: Invalid Simulate Options: Body (spit_Blueprint_C_37.StaticMeshComponent0 spit) is set to simulate physics but Collision Enabled is incompatible
[2018.11.18-21.44.30:700][668]PIE: Warning: Invalid Simulate Options: Body (spit_Blueprint_C_36.StaticMeshComponent0 spit) is set to simulate physics but Collision Enabled is incompatible
[2018.11.18-21.44.30:700][668]PIE: Warning: Invalid Simulate Options: Body (spit_Blueprint_C_36.StaticMeshComponent0 spit) is set to simulate physics but Collision Enabled is incompatible
[2018.11.18-21.44.30:871][674]PIE: Warning: Invalid Simulate Options: Body (spit_Blueprint_C_38.StaticMeshComponent0 spit) is set to simulate physics but Collision Enabled is incompatible
[2018.11.18-21.44.30:871][674]PIE: Warning: Invalid Simulate Options: Body (spit_Blueprint_C_38.StaticMeshComponent0 spit) is set to simulate physics but Collision Enabled is incompatible
[2018.11.18-21.44.31:130][683]PIE: Warning: Invalid Simulate Options: Body (spit_Blueprint_C_40.StaticMeshComponent0 spit) is set to simulate physics but Collision Enabled is incompatible
[2018.11.18-21.44.31:130][683]PIE: Warning: Invalid Simulate Options: Body (spit_Blueprint_C_40.StaticMeshComponent0 spit) is set to simulate physics but Collision Enabled is incompatible
[2018.11.18-21.44.31:506][696]PIE: Warning: Invalid Simulate Options: Body (spit_Blueprint_C_39.StaticMeshComponent0 spit) is set to simulate physics but Collision Enabled is incompatible
[2018.11.18-21.44.31:506][696]PIE: Warning: Invalid Simulate Options: Body (spit_Blueprint_C_39.StaticMeshComponent0 spit) is set to simulate physics but Collision Enabled is incompatible
[2018.11.18-21.44.31:681][702]PIE: Warning: Invalid Simulate Options: Body (spit_Blueprint_C_41.StaticMeshComponent0 spit) is set to simulate physics but Collision Enabled is incompatible
[2018.11.18-21.44.31:681][702]PIE: Warning: Invalid Simulate Options: Body (spit_Blueprint_C_41.StaticMeshComponent0 spit) is set to simulate physics but Collision Enabled is incompatible
[2018.11.18-21.44.31:999][713]PIE: Warning: Invalid Simulate Options: Body (spit_Blueprint_C_43.StaticMeshComponent0 spit) is set to simulate physics but Collision Enabled is incompatible
[2018.11.18-21.44.31:999][713]PIE: Warning: Invalid Simulate Options: Body (spit_Blueprint_C_43.StaticMeshComponent0 spit) is set to simulate physics but Collision Enabled is incompatible
[2018.11.18-21.44.32:377][726]PIE: Warning: Invalid Simulate Options: Body (spit_Blueprint_C_42.StaticMeshComponent0 spit) is set to simulate physics but Collision Enabled is incompatible
[2018.11.18-21.44.32:377][726]PIE: Warning: Invalid Simulate Options: Body (spit_Blueprint_C_42.StaticMeshComponent0 spit) is set to simulate physics but Collision Enabled is incompatible
[2018.11.18-21.44.32:549][732]PIE: Warning: Invalid Simulate Options: Body (spit_Blueprint_C_44.StaticMeshComponent0 spit) is set to simulate physics but Collision Enabled is incompatible
[2018.11.18-21.44.32:549][732]PIE: Warning: Invalid Simulate Options: Body (spit_Blueprint_C_44.StaticMeshComponent0 spit) is set to simulate physics but Collision Enabled is incompatible
[2018.11.18-21.44.32:835][742]PIE: Warning: Invalid Simulate Options: Body (spit_Blueprint_C_46.StaticMeshComponent0 spit) is set to simulate physics but Collision Enabled is incompatible
[2018.11.18-21.44.32:835][742]PIE: Warning: Invalid Simulate Options: Body (spit_Blueprint_C_46.StaticMeshComponent0 spit) is set to simulate physics but Collision Enabled is incompatible
[2018.11.18-21.44.33:237][756]PIE: Warning: Invalid Simulate Options: Body (spit_Blueprint_C_45.StaticMeshComponent0 spit) is set to simulate physics but Collision Enabled is incompatible
[2018.11.18-21.44.33:237][756]PIE: Warning: Invalid Simulate Options: Body (spit_Blueprint_C_45.StaticMeshComponent0 spit) is set to simulate physics but Collision Enabled is incompatible
[2018.11.18-21.44.33:411][762]PIE: Warning: Invalid Simulate Options: Body (spit_Blueprint_C_47.StaticMeshComponent0 spit) is set to simulate physics but Collision Enabled is incompatible
[2018.11.18-21.44.33:411][762]PIE: Warning: Invalid Simulate Options: Body (spit_Blueprint_C_47.StaticMeshComponent0 spit) is set to simulate physics but Collision Enabled is incompatible
[2018.11.18-21.44.33:669][771]PIE: Warning: Invalid Simulate Options: Body (spit_Blueprint_C_49.StaticMeshComponent0 spit) is set to simulate physics but Collision Enabled is incompatible
[2018.11.18-21.44.33:669][771]PIE: Warning: Invalid Simulate Options: Body (spit_Blueprint_C_49.StaticMeshComponent0 spit) is set to simulate physics but Collision Enabled is incompatible
[2018.11.18-21.44.34:067][785]PIE: Warning: Invalid Simulate Options: Body (spit_Blueprint_C_48.StaticMeshComponent0 spit) is set to simulate physics but Collision Enabled is incompatible
[2018.11.18-21.44.34:067][785]PIE: Warning: Invalid Simulate Options: Body (spit_Blueprint_C_48.StaticMeshComponent0 spit) is set to simulate physics but Collision Enabled is incompatible
[2018.11.18-21.44.34:240][791]PIE: Warning: Invalid Simulate Options: Body (spit_Blueprint_C_50.StaticMeshComponent0 spit) is set to simulate physics but Collision Enabled is incompatible
[2018.11.18-21.44.34:240][791]PIE: Warning: Invalid Simulate Options: Body (spit_Blueprint_C_50.StaticMeshComponent0 spit) is set to simulate physics but Collision Enabled is incompatible
[2018.11.18-21.44.53:849][498]PIE: Warning: Invalid Simulate Options: Body (spit_Blueprint_C_18.StaticMeshComponent0 spit) is set to simulate physics but Collision Enabled is incompatible
[2018.11.18-21.44.53:849][498]PIE: Warning: Invalid Simulate Options: Body (spit_Blueprint_C_18.StaticMeshComponent0 spit) is set to simulate physics but Collision Enabled is incompatible
[2018.11.18-21.45.25:626][704]LogRenderer: Reallocating scene render targets to support 1280x724 Format 10 NumSamples 1 (Frame:7706).
[2018.11.18-21.45.37:021][115]LogScript: Warning: Accessed None trying to read property CallFunc_GetVisibleBody_VisibleBody
	monsterBlueprint_C /Game/ThirdPersonBP/Maps/ThirdPersonExampleMap.ThirdPersonExampleMap:PersistentLevel.monsterBlueprint107
	Function /Game/Monsters/BlueBoi[debug]/monsterBlueprint.monsterBlueprint_C:ExecuteUbergraph_monsterBlueprint:7F82
[2018.11.18-21.45.37:021][115]LogScript: Warning: Script call stack:
	Function /Game/Monsters/BlueBoi[debug]/monsterBlueprint.monsterBlueprint_C:ReceiveTick
	Function /Game/Monsters/BlueBoi[debug]/monsterBlueprint.monsterBlueprint_C:ExecuteUbergraph_monsterBlueprint
	Function /Game/Monsters/BlueBoi[debug]/monsterBlueprint.monsterBlueprint_C:AI Manager
	Function /Game/Monsters/BlueBoi[debug]/monsterBlueprint.monsterBlueprint_C:ExecuteUbergraph_monsterBlueprint
	Function /Game/Monsters/BlueBoi[debug]/monsterBlueprint.monsterBlueprint_C:attackController
	Function /Game/Monsters/BlueBoi[debug]/monsterBlueprint.monsterBlueprint_C:ExecuteUbergraph_monsterBlueprint
	Function /Game/Monsters/BlueBoi[debug]/monsterBlueprint.monsterBlueprint_C:attack
	Function /Game/Monsters/BlueBoi[debug]/monsterBlueprint.monsterBlueprint_C:ExecuteUbergraph_monsterBlueprint
	Function /Game/Monsters/BlueBoi[debug]/monsterBlueprint.monsterBlueprint_C:BodySlam
	Function /Game/Monsters/BlueBoi[debug]/monsterBlueprint.monsterBlueprint_C:ExecuteUbergraph_monsterBlueprint

[2018.11.18-21.45.38:893][184]PIE: Warning: monsterBlueprint93.CollisionCylinder has to have 'Simulate Physics' enabled if you'd like to AddImpulse. 
[2018.11.18-21.45.44:415][392]LogScript: Warning: FLatentActionManager::ProcessLatentActions: CallbackTarget is None.
[2018.11.18-21.45.45:147][420]LogCharacterMovement: ThirdPersonCharacter_C_0 is stuck and failed to move! Velocity: X=-163.92 Y=-30.04 Z=0.00 Location: X=-10676.11 Y=10797.67 Z=2283.59 Normal: X=0.25 Y=0.97 Z=-0.07 PenetrationDepth:8.082 Actor:monsterBlueprint93 Component:batWings BoneName:joint15 (0 other events since notify)
[2018.11.18-21.45.46:898][487]LogCharacterMovement: ThirdPersonCharacter_C_0 is stuck and failed to move! Velocity: X=191.99 Y=137.77 Z=0.00 Location: X=-10459.32 Y=10471.92 Z=2216.18 Normal: X=-0.18 Y=-0.98 Z=-0.09 PenetrationDepth:2.053 Actor:monsterBlueprint47 Component:armorSkeletal BoneName:joint36 (0 other events since notify)
[2018.11.18-21.45.47:922][526]LogCharacterMovement: ThirdPersonCharacter_C_0 is stuck and failed to move! Velocity: X=-576.19 Y=167.36 Z=0.00 Location: X=-10444.82 Y=10481.64 Z=2216.16 Normal: X=0.97 Y=-0.24 Z=-0.00 PenetrationDepth:42.937 Actor:monsterBlueprint50 Component:batWings BoneName:joint17 (15 other events since notify)
[2018.11.18-21.45.53:253][733]LogCharacterMovement: ThirdPersonCharacter_C_0 is stuck and failed to move! Velocity: X=221.82 Y=124.21 Z=0.00 Location: X=-10858.82 Y=10630.94 Z=2314.37 Normal: X=-0.93 Y=0.36 Z=0.00 PenetrationDepth:6.263 Actor:monsterBlueprint93 Component:batWings BoneName:joint17 (0 other events since notify)
[2018.11.18-21.45.56:857][872]PIE: Warning: monsterBlueprint59.CollisionCylinder has to have 'Simulate Physics' enabled if you'd like to AddImpulse. 
[2018.11.18-21.45.57:654][903]PIE: Warning: monsterBlueprint110.CollisionCylinder has to have 'Simulate Physics' enabled if you'd like to AddImpulse. 
[2018.11.18-21.45.58:738][945]PIE: Warning: monsterBlueprint59.CollisionCylinder has to have 'Simulate Physics' enabled if you'd like to AddImpulse. 
[2018.11.18-21.46.00:230][  3]LogScript: Warning: Attempted to access CollisionCylinder via property CapsuleComponent, but CollisionCylinder is pending kill
	monsterBlueprint_C /Game/ThirdPersonBP/Maps/ThirdPersonExampleMap.ThirdPersonExampleMap:PersistentLevel.monsterBlueprint16
	Function /Game/Monsters/BlueBoi[debug]/monsterBlueprint.monsterBlueprint_C:ExecuteUbergraph_monsterBlueprint:5DC0
[2018.11.18-21.46.00:230][  3]LogScript: Warning: Script call stack:
	Function /Game/Monsters/BlueBoi[debug]/monsterBlueprint.monsterBlueprint_C:ExecuteUbergraph_monsterBlueprint
	Function /Game/Monsters/BlueBoi[debug]/monsterBlueprint.monsterBlueprint_C:Move Random
	Function /Game/Monsters/BlueBoi[debug]/monsterBlueprint.monsterBlueprint_C:ExecuteUbergraph_monsterBlueprint
	Function /Game/Monsters/BlueBoi[debug]/monsterBlueprint.monsterBlueprint_C:Non-Hop Move
	Function /Game/Monsters/BlueBoi[debug]/monsterBlueprint.monsterBlueprint_C:ExecuteUbergraph_monsterBlueprint

[2018.11.18-21.46.12:984][500]LogScript: Warning: FLatentActionManager::ProcessLatentActions: CallbackTarget is None.
[2018.11.18-21.46.15:353][596]LogSlate: Updating window title bar state: overlay mode, drag disabled, window buttons hidden, title bar hidden
[2018.11.18-21.46.15:779][609]PIE: Warning: monsterBlueprint93.CollisionCylinder has to have 'Simulate Physics' enabled if you'd like to AddImpulse. 
[2018.11.18-21.46.22:154][878]LogCharacterMovement: ThirdPersonCharacter_C_1 is stuck and failed to move! Velocity: X=-11.48 Y=8.18 Z=0.00 Location: X=-11457.44 Y=12608.83 Z=2773.40 Normal: X=0.84 Y=0.53 Z=0.03 PenetrationDepth:2.449 Actor:monsterBlueprint59 Component:batWings BoneName:joint15 (0 other events since notify)
[2018.11.18-21.47.09:167][187]LogSlate: Updating window title bar state: overlay mode, drag disabled, window buttons hidden, title bar hidden
[2018.11.18-21.48.12:893][778]LogSlate: Window 'MonsterMash (64-bit Development PCD3D_SM5) ' being destroyed
[2018.11.18-21.48.12:894][778]LogWindowsTextInputMethodSystem: Display: IME system now deactivated.
[2018.11.18-21.48.12:899][778]LogSlate: Updating window title bar state: overlay mode, drag disabled, window buttons hidden, title bar hidden
[2018.11.18-21.48.12:899][778]LogEngine: All Windows Closed
[2018.11.18-21.48.12:899][778]LogWindows: FPlatformMisc::RequestExit(0)
[2018.11.18-21.48.13:731][779]LogExit: Preparing to exit.
[2018.11.18-21.48.13:731][779]LogMoviePlayer: Shutting down movie player
[2018.11.18-21.48.14:354][779]LogSlate: Updating window title bar state: overlay mode, drag disabled, window buttons hidden, title bar hidden
[2018.11.18-21.48.14:381][779]LogExit: Game engine shut down
[2018.11.18-21.48.14:425][779]LogExit: Object subsystem successfully closed.
[2018.11.18-21.48.14:443][779]LogShaderCompilers: Display: Shaders left to compile 0
[2018.11.18-21.48.14:446][779]LogD3D11RHI: Shutdown
[2018.11.18-21.48.14:446][779]LogD3D11RHI: CleanupD3DDevice
[2018.11.18-21.48.14:448][779]LogD3D11RHI: ~FD3D11DynamicRHI
[2018.11.18-21.48.14:473][779]LogModuleManager: Shutting down and abandoning module SequenceRecorderSections (382)
[2018.11.18-21.48.14:473][779]LogModuleManager: Shutting down and abandoning module SequenceRecorder (380)
[2018.11.18-21.48.14:473][779]LogModuleManager: Shutting down and abandoning module AutomationController (378)
[2018.11.18-21.48.14:473][779]LogModuleManager: Shutting down and abandoning module AutomationWorker (376)
[2018.11.18-21.48.14:473][779]LogModuleManager: Shutting down and abandoning module Voice (374)
[2018.11.18-21.48.14:473][779]LogModuleManager: Shutting down and abandoning module AIModule (372)
[2018.11.18-21.48.14:473][779]LogModuleManager: Shutting down and abandoning module GameplayDebugger (371)
[2018.11.18-21.48.14:473][779]LogModuleManager: Shutting down and abandoning module AITestSuite (369)
[2018.11.18-21.48.14:473][779]LogModuleManager: Shutting down and abandoning module NavigationSystem (367)
[2018.11.18-21.48.14:473][779]LogModuleManager: Shutting down and abandoning module WmfMediaFactory (364)
[2018.11.18-21.48.14:473][779]LogModuleManager: Shutting down and abandoning module WebMMediaFactory (362)
[2018.11.18-21.48.14:473][779]LogModuleManager: Shutting down and abandoning module WebMMedia (360)
[2018.11.18-21.48.14:473][779]LogModuleManager: Shutting down and abandoning module OpenExrWrapper (358)
[2018.11.18-21.48.14:473][779]LogModuleManager: Shutting down and abandoning module ImgMediaFactory (356)
[2018.11.18-21.48.14:473][779]LogModuleManager: Shutting down and abandoning module AvfMediaFactory (354)
[2018.11.18-21.48.14:473][779]LogModuleManager: Shutting down and abandoning module MagicLeapCameraPreviewFactory (352)
[2018.11.18-21.48.14:473][779]LogModuleManager: Shutting down and abandoning module MagicLeapMediaFactory (350)
[2018.11.18-21.48.14:473][779]LogModuleManager: Shutting down and abandoning module CharacterAI (348)
[2018.11.18-21.48.14:473][779]LogModuleManager: Shutting down and abandoning module SessionServices (346)
[2018.11.18-21.48.14:473][779]LogModuleManager: Shutting down and abandoning module MovieSceneCapture (344)
[2018.11.18-21.48.14:473][779]LogModuleManager: Shutting down and abandoning module MovieSceneTracks (342)
[2018.11.18-21.48.14:473][779]LogModuleManager: Shutting down and abandoning module MovieScene (340)
[2018.11.18-21.48.14:473][779]LogModuleManager: Shutting down and abandoning module StreamingPauseRendering (338)
[2018.11.18-21.48.14:473][779]LogModuleManager: Shutting down and abandoning module PortalServices (336)
[2018.11.18-21.48.14:473][779]LogModuleManager: Shutting down and abandoning module PortalRpc (334)
[2018.11.18-21.48.14:473][779]LogModuleManager: Shutting down and abandoning module MessagingRpc (332)
[2018.11.18-21.48.14:473][779]LogModuleManager: Shutting down and abandoning module ImageWriteQueue (330)
[2018.11.18-21.48.14:475][779]LogModuleManager: Shutting down and abandoning module ProfilerService (328)
[2018.11.18-21.48.14:647][779]LogModuleManager: Shutting down and abandoning module TaskGraph (326)
[2018.11.18-21.48.14:647][779]LogModuleManager: Shutting down and abandoning module SteamVRController (324)
[2018.11.18-21.48.14:647][779]LogModuleManager: Shutting down and abandoning module ProceduralMeshComponent (322)
[2018.11.18-21.48.14:647][779]LogModuleManager: Shutting down and abandoning module OculusInput (320)
[2018.11.18-21.48.14:648][779]LogModuleManager: Shutting down and abandoning module MobilePatchingUtils (318)
[2018.11.18-21.48.14:648][779]LogModuleManager: Shutting down and abandoning module EditableMesh (316)
[2018.11.18-21.48.14:648][779]LogModuleManager: Shutting down and abandoning module CustomMeshComponent (314)
[2018.11.18-21.48.14:648][779]LogModuleManager: Shutting down and abandoning module CableComponent (312)
[2018.11.18-21.48.14:648][779]LogModuleManager: Shutting down and abandoning module AudioCapture (310)
[2018.11.18-21.48.14:648][779]LogModuleManager: Shutting down and abandoning module ArchVisCharacter (308)
[2018.11.18-21.48.14:648][779]LogModuleManager: Shutting down and abandoning module AndroidPermission (306)
[2018.11.18-21.48.14:648][779]LogModuleManager: Shutting down and abandoning module NUTUnrealEngine4 (304)
[2018.11.18-21.48.14:648][779]LogModuleManager: Shutting down and abandoning module NetcodeUnitTest (302)
[2018.11.18-21.48.14:648][779]LogModuleManager: Shutting down and abandoning module MediaCompositing (300)
[2018.11.18-21.48.14:648][779]LogModuleManager: Shutting down and abandoning module LinearTimecode (298)
[2018.11.18-21.48.14:648][779]LogModuleManager: Shutting down and abandoning module ImgMedia (296)
[2018.11.18-21.48.14:655][779]LogModuleManager: Shutting down and abandoning module HTML5Networking (294)
[2018.11.18-21.48.14:655][779]LogModuleManager: Shutting down and abandoning module GeometryCacheTracks (292)
[2018.11.18-21.48.14:655][779]LogModuleManager: Shutting down and abandoning module GeometryCacheSequencer (291)
[2018.11.18-21.48.14:656][779]LogModuleManager: Shutting down and abandoning module GeometryCache (288)
[2018.11.18-21.48.14:656][779]LogModuleManager: Shutting down and abandoning module GeometryCacheEd (287)
[2018.11.18-21.48.14:656][779]LogModuleManager: Shutting down and abandoning module BackChannel (284)
[2018.11.18-21.48.14:656][779]LogModuleManager: Shutting down and abandoning module AppleVision (282)
[2018.11.18-21.48.14:656][779]LogModuleManager: Shutting down and abandoning module AppleImageUtilsBlueprintSupport (280)
[2018.11.18-21.48.14:656][779]LogModuleManager: Shutting down and abandoning module AppleImageUtils (278)
[2018.11.18-21.48.14:656][779]LogModuleManager: Shutting down and abandoning module VariantManagerContent (276)
[2018.11.18-21.48.14:656][779]LogModuleManager: Shutting down and abandoning module CryptoKeysOpenSSL (274)
[2018.11.18-21.48.14:656][779]LogModuleManager: Shutting down and abandoning module CryptoKeys (272)
[2018.11.18-21.48.14:656][779]LogModuleManager: Shutting down and abandoning module VisualStudioSourceCodeAccess (270)
[2018.11.18-21.48.14:656][779]LogModuleManager: Shutting down and abandoning module HotReload (269)
[2018.11.18-21.48.14:657][779]LogModuleManager: Shutting down and abandoning module DirectoryWatcher (268)
[2018.11.18-21.48.14:657][779]LogModuleManager: Shutting down and abandoning module VisualStudioCodeSourceCodeAccess (264)
[2018.11.18-21.48.14:657][779]LogModuleManager: Shutting down and abandoning module UObjectPlugin (262)
[2018.11.18-21.48.14:657][779]LogModuleManager: Shutting down and abandoning module SubversionSourceControl (260)
[2018.11.18-21.48.14:657][779]LogModuleManager: Shutting down and abandoning module PerforceSourceControl (258)
[2018.11.18-21.48.14:657][779]LogModuleManager: Shutting down and abandoning module SourceControl (257)
[2018.11.18-21.48.14:657][779]LogModuleManager: Shutting down and abandoning module CLionSourceCodeAccess (254)
[2018.11.18-21.48.14:657][779]LogModuleManager: Shutting down and abandoning module ActorLayerUtilities (252)
[2018.11.18-21.48.14:657][779]LogModuleManager: Shutting down and abandoning module RuntimePhysXCooking (250)
[2018.11.18-21.48.14:657][779]LogModuleManager: Shutting down and abandoning module PhysXVehiclesEditor (248)
[2018.11.18-21.48.14:657][779]LogModuleManager: Shutting down and abandoning module PhysXVehicles (246)
[2018.11.18-21.48.14:657][779]LogModuleManager: Shutting down and abandoning module LocationServicesBPLibrary (244)
[2018.11.18-21.48.14:657][779]LogModuleManager: Shutting down and abandoning module ActorSequence (242)
[2018.11.18-21.48.14:658][779]LogModuleManager: Shutting down and abandoning module UdpMessaging (240)
[2018.11.18-21.48.14:759][779]LogModuleManager: Shutting down and abandoning module TcpMessaging (238)
[2018.11.18-21.48.15:316][779]LogModuleManager: Shutting down and abandoning module MagicLeapAudio (236)
[2018.11.18-21.48.15:316][779]LogModuleManager: Shutting down and abandoning module GameplayTagsEditor (234)
[2018.11.18-21.48.15:316][779]LogModuleManager: Shutting down and abandoning module FacialAnimation (232)
[2018.11.18-21.48.15:317][779]LogModuleManager: Shutting down and abandoning module DataValidation (230)
[2018.11.18-21.48.15:317][779]LogModuleManager: Shutting down and abandoning module AssetManagerEditor (228)
[2018.11.18-21.48.15:317][779]LogModuleManager: Shutting down and abandoning module TreeMap (227)
[2018.11.18-21.48.15:317][779]LogModuleManager: Shutting down and abandoning module LightPropagationVolumeRuntime (224)
[2018.11.18-21.48.15:317][779]LogModuleManager: Shutting down and abandoning module AISupportModule (222)
[2018.11.18-21.48.15:317][779]LogModuleManager: Shutting down and abandoning module Paper2D (220)
[2018.11.18-21.48.15:317][779]LogModuleManager: Shutting down and abandoning module WindowsMoviePlayer (218)
[2018.11.18-21.48.15:317][779]LogModuleManager: Shutting down and abandoning module WebMMoviePlayer (216)
[2018.11.18-21.48.15:317][779]LogModuleManager: Shutting down and abandoning module WmfMedia (214)
[2018.11.18-21.48.15:319][779]LogModuleManager: Shutting down and abandoning module Media (213)
[2018.11.18-21.48.15:326][779]LogModuleManager: Shutting down and abandoning module PacketHandler (210)
[2018.11.18-21.48.15:326][779]LogModuleManager: Shutting down and abandoning module ClothingSystemEditor (208)
[2018.11.18-21.48.15:326][779]LogModuleManager: Shutting down and abandoning module ClothingSystemRuntime (206)
[2018.11.18-21.48.15:326][779]LogModuleManager: Shutting down and abandoning module MediaAssets (204)
[2018.11.18-21.48.15:326][779]LogModuleManager: Shutting down and abandoning module Overlay (202)
[2018.11.18-21.48.15:326][779]LogModuleManager: Shutting down and abandoning module OverlayEditor (201)
[2018.11.18-21.48.15:326][779]LogModuleManager: Shutting down and abandoning module VREditor (198)
[2018.11.18-21.48.15:326][779]LogModuleManager: Shutting down and abandoning module StringTableEditor (196)
[2018.11.18-21.48.15:327][779]LogModuleManager: Shutting down and abandoning module GameplayTasksEditor (194)
[2018.11.18-21.48.15:327][779]LogModuleManager: Shutting down and abandoning module BehaviorTreeEditor (192)
[2018.11.18-21.48.15:327][779]LogModuleManager: Shutting down and abandoning module FunctionalTesting (190)
[2018.11.18-21.48.15:327][779]LogModuleManager: Shutting down and abandoning module CollisionAnalyzer (188)
[2018.11.18-21.48.15:327][779]LogModuleManager: Shutting down and abandoning module WorkspaceMenuStructure (187)
[2018.11.18-21.48.15:327][779]LogModuleManager: Shutting down and abandoning module UMG (184)
[2018.11.18-21.48.15:327][779]LogModuleManager: Shutting down and abandoning module UMGEditor (183)
[2018.11.18-21.48.15:327][779]LogModuleManager: Shutting down and abandoning module Sequencer (182)
[2018.11.18-21.48.15:327][779]LogModuleManager: Shutting down and abandoning module MessageLog (179)
[2018.11.18-21.48.15:328][779]LogModuleManager: Shutting down and abandoning module SlateReflector (174)
[2018.11.18-21.48.15:328][779]LogModuleManager: Shutting down and abandoning module Slate (172)
[2018.11.18-21.48.15:328][779]LogModuleManager: Shutting down and abandoning module EditorStyle (170)
[2018.11.18-21.48.15:333][779]LogModuleManager: Shutting down and abandoning module MRMesh (168)
[2018.11.18-21.48.15:333][779]LogModuleManager: Shutting down and abandoning module Messaging (166)
[2018.11.18-21.48.15:333][779]LogModuleManager: Shutting down and abandoning module SourceCodeAccess (164)
[2018.11.18-21.48.15:333][779]LogModuleManager: Shutting down and abandoning module HeadMountedDisplay (162)
[2018.11.18-21.48.15:333][779]LogModuleManager: Shutting down and abandoning module XAudio2 (160)
[2018.11.18-21.48.15:333][779]LogModuleManager: Shutting down and abandoning module Networking (158)
[2018.11.18-21.48.15:333][779]LogModuleManager: Shutting down and abandoning module Core (156)
[2018.11.18-21.48.15:333][779]LogModuleManager: Shutting down and abandoning module LevelSequence (154)
[2018.11.18-21.48.15:333][779]LogModuleManager: Shutting down and abandoning module KismetCompiler (152)
[2018.11.18-21.48.15:334][779]LogModuleManager: Shutting down and abandoning module MeshUtilities (150)
[2018.11.18-21.48.15:334][779]LogModuleManager: Shutting down and abandoning module MeshMergeUtilities (149)
[2018.11.18-21.48.15:334][779]LogModuleManager: Shutting down and abandoning module MeshReductionInterface (148)
[2018.11.18-21.48.15:334][779]LogModuleManager: Shutting down and abandoning module SimplygonSwarm (147)
[2018.11.18-21.48.15:334][779]LogModuleManager: Shutting down and abandoning module ProxyLODMeshReduction (145)
[2018.11.18-21.48.15:334][779]LogModuleManager: Shutting down and abandoning module SimplygonMeshReduction (143)
[2018.11.18-21.48.15:334][779]LogModuleManager: Shutting down and abandoning module QuadricMeshReduction (141)
[2018.11.18-21.48.15:334][779]LogModuleManager: Shutting down and abandoning module MaterialBaking (137)
[2018.11.18-21.48.15:334][779]LogModuleManager: Shutting down and abandoning module PIEPreviewDeviceProfileSelector (132)
[2018.11.18-21.48.15:334][779]LogModuleManager: Shutting down and abandoning module DerivedDataCache (130)
[2018.11.18-21.48.15:337][779]LogDerivedDataCache: Shutdown
[2018.11.18-21.48.15:337][779]LogModuleManager: Shutting down and abandoning module XGEController (128)
[2018.11.18-21.48.15:337][779]LogModuleManager: Shutting down and abandoning module TargetPlatform (126)
[2018.11.18-21.48.15:337][779]LogModuleManager: Shutting down and abandoning module VulkanShaderFormat (125)
[2018.11.18-21.48.15:338][779]LogModuleManager: Shutting down and abandoning module ShaderFormatVectorVM (123)
[2018.11.18-21.48.15:338][779]LogModuleManager: Shutting down and abandoning module ShaderFormatOpenGL (121)
[2018.11.18-21.48.15:338][779]LogModuleManager: Shutting down and abandoning module ShaderFormatD3D (119)
[2018.11.18-21.48.15:338][779]LogModuleManager: Shutting down and abandoning module MetalShaderFormat (117)
[2018.11.18-21.48.15:338][779]LogModuleManager: Shutting down and abandoning module TextureFormatUncompressed (115)
[2018.11.18-21.48.15:338][779]LogModuleManager: Shutting down and abandoning module TextureFormatPVR (113)
[2018.11.18-21.48.15:338][779]LogModuleManager: Shutting down and abandoning module TextureFormatDXT (111)
[2018.11.18-21.48.15:338][779]LogModuleManager: Shutting down and abandoning module TextureFormatIntelISPCTexComp (109)
[2018.11.18-21.48.15:338][779]LogModuleManager: Shutting down and abandoning module TextureFormatASTC (107)
[2018.11.18-21.48.15:338][779]LogModuleManager: Shutting down and abandoning module ImageWrapper (106)
[2018.11.18-21.48.15:338][779]LogModuleManager: Shutting down and abandoning module TextureFormatAndroid (103)
[2018.11.18-21.48.15:338][779]LogModuleManager: Shutting down and abandoning module AudioFormatOpus (101)
[2018.11.18-21.48.15:338][779]LogModuleManager: Shutting down and abandoning module AudioFormatOgg (99)
[2018.11.18-21.48.15:339][779]LogModuleManager: Shutting down and abandoning module AudioFormatADPCM (97)
[2018.11.18-21.48.15:339][779]LogModuleManager: Shutting down and abandoning module WindowsTargetPlatform (95)
[2018.11.18-21.48.15:339][779]LogModuleManager: Shutting down and abandoning module WindowsServerTargetPlatform (93)
[2018.11.18-21.48.15:339][779]LogModuleManager: Shutting down and abandoning module WindowsNoEditorTargetPlatform (91)
[2018.11.18-21.48.15:339][779]LogModuleManager: Shutting down and abandoning module WindowsClientTargetPlatform (89)
[2018.11.18-21.48.15:339][779]LogModuleManager: Shutting down and abandoning module InputCore (86)
[2018.11.18-21.48.15:339][779]LogModuleManager: Shutting down and abandoning module Settings (84)
[2018.11.18-21.48.15:339][779]LogModuleManager: Shutting down and abandoning module PhysXCooking (82)
[2018.11.18-21.48.15:339][779]LogModuleManager: Shutting down and abandoning module SteamVR (80)
[2018.11.18-21.48.15:339][779]LogHMD: Freeing OpenVRDLLHandle.
[2018.11.18-21.48.15:339][779]LogModuleManager: Shutting down and abandoning module OculusHMD (78)
[2018.11.18-21.48.15:339][779]LogModuleManager: Shutting down and abandoning module ExampleDeviceProfileSelector (76)
[2018.11.18-21.48.15:339][779]LogModuleManager: Shutting down and abandoning module LauncherChunkInstaller (74)
[2018.11.18-21.48.15:339][779]LogModuleManager: Shutting down and abandoning module OnlineBlueprintSupport (72)
[2018.11.18-21.48.15:339][779]LogModuleManager: Shutting down and abandoning module OnlineSubsystem (68)
[2018.11.18-21.48.15:340][779]LogModuleManager: Shutting down and abandoning module XMPP (63)
[2018.11.18-21.48.15:341][779]LogModuleManager: Shutting down and abandoning module WebSockets (62)
[2018.11.18-21.48.15:352][779]LogModuleManager: Shutting down and abandoning module HTTP (59)
[2018.11.18-21.48.15:372][779]LogModuleManager: Shutting down and abandoning module SSL (58)
[2018.11.18-21.48.15:374][779]LogModuleManager: Shutting down and abandoning module MagicLeapIdentity (54)
[2018.11.18-21.48.15:374][779]LogModuleManager: Shutting down and abandoning module MagicLeapHelperVulkan (52)
[2018.11.18-21.48.15:374][779]LogModuleManager: Shutting down and abandoning module MagicLeapHelperOpenGL (50)
[2018.11.18-21.48.15:374][779]LogModuleManager: Shutting down and abandoning module MagicLeapSecureStorage (48)
[2018.11.18-21.48.15:374][779]LogModuleManager: Shutting down and abandoning module MagicLeapHandTracking (46)
[2018.11.18-21.48.15:374][779]LogModuleManager: Shutting down and abandoning module MagicLeapEyeTracker (44)
[2018.11.18-21.48.15:374][779]LogModuleManager: Shutting down and abandoning module MagicLeapController (42)
[2018.11.18-21.48.15:374][779]LogSlate: Slate User Destroyed.  User Index 0, Is Virtual User: 0
[2018.11.18-21.48.15:374][779]LogSlate: Slate User Destroyed.  User Index 1, Is Virtual User: 0
[2018.11.18-21.48.15:374][779]LogModuleManager: Shutting down and abandoning module MagicLeap (40)
[2018.11.18-21.48.15:374][779]LogModuleManager: Shutting down and abandoning module DatasmithContent (38)
[2018.11.18-21.48.15:374][779]LogModuleManager: Shutting down and abandoning module AnimationModifiers (36)
[2018.11.18-21.48.15:374][779]LogModuleManager: Shutting down and abandoning module PropertyEditor (35)
[2018.11.18-21.48.15:374][779]LogModuleManager: Shutting down and abandoning module AudioEditor (32)
[2018.11.18-21.48.15:374][779]LogModuleManager: Shutting down and abandoning module TextureCompressor (30)
[2018.11.18-21.48.15:375][779]LogModuleManager: Shutting down and abandoning module ShaderCore (28)
[2018.11.18-21.48.15:375][779]LogModuleManager: Shutting down and abandoning module Landscape (26)
[2018.11.18-21.48.15:375][779]LogModuleManager: Shutting down and abandoning module SlateRHIRenderer (24)
[2018.11.18-21.48.15:375][779]LogModuleManager: Shutting down and abandoning module OpenGLDrv (22)
[2018.11.18-21.48.15:375][779]LogModuleManager: Shutting down and abandoning module D3D11RHI (20)
[2018.11.18-21.48.15:375][779]LogModuleManager: Shutting down and abandoning module AnimGraphRuntime (18)
[2018.11.18-21.48.15:375][779]LogModuleManager: Shutting down and abandoning module Renderer (16)
[2018.11.18-21.48.15:375][779]LogModuleManager: Shutting down and abandoning module Engine (14)
[2018.11.18-21.48.15:375][779]LogModuleManager: Shutting down and abandoning module CoreUObject (12)
[2018.11.18-21.48.15:375][779]LogModuleManager: Shutting down and abandoning module NetworkFile (10)
[2018.11.18-21.48.15:375][779]LogModuleManager: Shutting down and abandoning module CookedIterativeFile (8)
[2018.11.18-21.48.15:375][779]LogModuleManager: Shutting down and abandoning module StreamingFile (6)
[2018.11.18-21.48.15:375][779]LogModuleManager: Shutting down and abandoning module SandboxFile (4)
[2018.11.18-21.48.15:375][779]LogModuleManager: Shutting down and abandoning module PakFile (2)
[2018.11.18-21.48.15:381][779]LogExit: Exiting.
[2018.11.18-21.48.15:387][779]Log file closed, 11/18/18 16:48:15
